#
# A fatal error has been detected by the Java Runtime Environment:
#
#  SIGSEGV (0xb) at pc=0x0000000154647122, pid=8517, tid=64847
#
# JRE version: Java(TM) SE Runtime Environment (8.0_77-b03) (build 1.8.0_77-b03)
# Java VM: Java HotSpot(TM) 64-Bit Server VM (25.77-b03 mixed mode bsd-amd64 compressed oops)
# Problematic frame:
# C  [libbulletjme.dylib+0x208122]  _ZN23btDiscreteDynamicsWorld13updateActionsEf+0x92
#
# Failed to write core dump. Core dumps have been disabled. To enable core dumping, try "ulimit -c unlimited" before starting Java again
#
# If you would like to submit a bug report, please visit:
#   http://bugreport.java.com/bugreport/crash.jsp
# The crash happened outside the Java Virtual Machine in native code.
# See problematic frame for where to report the bug.
#

---------------  T H R E A D  ---------------

Current thread (0x00007fd1f8cd4800):  JavaThread "jME3 Main" [_thread_in_native, id=64847, stack(0x00007000024a2000,0x00007000025a2000)]

siginfo: si_signo: 11 (SIGSEGV), si_code: 0 (unknown), si_addr: 0x0000000000000000

Registers:
RAX=0x00007fd1fc1ad748, RBX=0x00000001660fa080, RCX=0x00007fd1f7783070, RDX=0xa000000000000000
RSP=0x00007000025a1320, RBP=0x00007000025a1380, RSI=0x00007000025a0880, RDI=0x00007000025a0870
R8 =0x00007fd1f77825e0, R9 =0x00007fd1fc293160, R10=0x00000000fe000000, R11=0x0000000000000020
R12=0x0000000000000000, R13=0x00000001660fa080, R14=0x00007000025a15e0, R15=0x00007fd1f8cd4800
RIP=0x0000000154647122, EFLAGS=0x0000000000010206, ERR=0x0000000000000000
  TRAPNO=0x000000000000000d

Top of Stack: (sp=0x00007000025a1320)
0x00007000025a1320:   00000001544f7370 00007fd1fc1ad748
0x00007000025a1330:   0000000100000003 00007fd1fc2878d0
0x00007000025a1340:   00007fd1fc2878d0 0000000354496a89
0x00007000025a1350:   00000001f7d41000 3c888889fc2879f0
0x00007000025a1360:   00007fd1fc2878d0 00007fd1fc287a50
0x00007000025a1370:   00000001fc287a10 00007fd1fc287a50
0x00007000025a1380:   00007000025a1400 0000000154645322
0x00007000025a1390:   00007000025a1400 0000000154644a01
0x00007000025a13a0:   00007fd1fc287960 0000000154648c50
0x00007000025a13b0:   00007fd1fc287960 3c888889fc1ad320
0x00007000025a13c0:   0000000000000000 00007fd1fc287900
0x00007000025a13d0:   00007fd1fc2878d0 00007fd1fc287900
0x00007000025a13e0:   00007fd1fc1ad320 00007fd1fc1ad320
0x00007000025a13f0:   3c88888954846ece 00007fd1fc2878d0
0x00007000025a1400:   00007000025a1490 000000015464509a
0x00007000025a1410:   00007fd1f8cd4800 0000000100000006
0x00007000025a1420:   0000700000000004 00007fd1f7528fd0
0x00007000025a1430:   0000000000000000 0000000000000008
0x00007000025a1440:   00007fd1fc2878d0 0000000400000000
0x00007000025a1450:   00000007c020fbf8 00000001660fa080
0x00007000025a1460:   00007000025a14b0 0000006000000005
0x00007000025a1470:   3c888889025a1490 3fcceea700000004
0x00007000025a1480:   00007fd1fc2878d0 00000001660fa080
0x00007000025a1490:   00007000025a14c0 000000015454c647
0x00007000025a14a0:   00000001660fa080 3c888889f8cd4800
0x00007000025a14b0:   3fcceea700000004 00007fd1fc285d10
0x00007000025a14c0:   00007000025a1510 0000000154628caa
0x00007000025a14d0:   00007fd1f8cd4800 00000001660fa080
0x00007000025a14e0:   00007fd1fc285d10 3c888889660fa080
0x00007000025a14f0:   3fcceea700000004 00007fd1fc285d10
0x00007000025a1500:   00007000025a15e0 00007fd1f8cd49f8
0x00007000025a1510:   00007000025a1598 000000010b26f954 

Instructions: (pc=0x0000000154647122)
0x0000000154647102:   4d f4 48 8b 45 f8 48 63 55 f4 48 c1 e2 03 48 03
0x0000000154647112:   50 10 48 89 55 a8 48 8b 45 a8 48 8b 08 48 8b 11
0x0000000154647122:   48 8b 52 10 f3 0f 10 45 dc 48 89 cf 48 8b 75 b8
0x0000000154647132:   ff d2 e9 00 00 00 00 e9 00 00 00 00 8b 45 d4 83 

Register to memory mapping:

RAX=0x00007fd1fc1ad748 is an unknown value
RBX={method} {0x00000001660fa080} 'stepSimulation' '(JFIF)V' in 'com/jme3/bullet/PhysicsSpace'
RCX=0x00007fd1f7783070 is an unknown value
RDX=0xa000000000000000 is an unknown value
RSP=0x00007000025a1320 is pointing into the stack for thread: 0x00007fd1f8cd4800
RBP=0x00007000025a1380 is pointing into the stack for thread: 0x00007fd1f8cd4800
RSI=0x00007000025a0880 is pointing into the stack for thread: 0x00007fd1f8cd4800
RDI=0x00007000025a0870 is pointing into the stack for thread: 0x00007fd1f8cd4800
R8 =0x00007fd1f77825e0 is an unknown value
R9 =0x00007fd1fc293160 is an unknown value
R10=0x00000000fe000000 is an unknown value
R11=0x0000000000000020 is an unknown value
R12=0x0000000000000000 is an unknown value
R13={method} {0x00000001660fa080} 'stepSimulation' '(JFIF)V' in 'com/jme3/bullet/PhysicsSpace'
R14=0x00007000025a15e0 is pointing into the stack for thread: 0x00007fd1f8cd4800
R15=0x00007fd1f8cd4800 is a thread


Stack: [0x00007000024a2000,0x00007000025a2000],  sp=0x00007000025a1320,  free space=1020k
Native frames: (J=compiled Java code, j=interpreted, Vv=VM code, C=native code)
C  [libbulletjme.dylib+0x208122]  _ZN23btDiscreteDynamicsWorld13updateActionsEf+0x92
C  [libbulletjme.dylib+0x206322]  _ZN23btDiscreteDynamicsWorld28internalSingleStepSimulationEf+0x1b2
C  [libbulletjme.dylib+0x20609a]  _ZN23btDiscreteDynamicsWorld14stepSimulationEfif+0x29a
C  [libbulletjme.dylib+0x10d647]  _ZN15jmePhysicsSpace14stepSimulationEfif+0x37
C  [libbulletjme.dylib+0x1e9caa]  Java_com_jme3_bullet_PhysicsSpace_stepSimulation+0x7a
j  com.jme3.bullet.PhysicsSpace.stepSimulation(JFIF)V+0
j  com.jme3.bullet.PhysicsSpace.update(FI)V+11
j  com.jme3.bullet.PhysicsSpace.update(F)V+6
j  com.jme3.bullet.BulletAppState.render(Lcom/jme3/renderer/RenderManager;)V+70
j  com.jme3.app.state.AppStateManager.render(Lcom/jme3/renderer/RenderManager;)V+40
j  com.jme3.app.SimpleApplication.update()V+161
j  com.jme3.system.lwjgl.LwjglAbstractDisplay.runLoop()V+22
j  com.jme3.system.lwjgl.LwjglDisplay.runLoop()V+104
j  com.jme3.system.lwjgl.LwjglAbstractDisplay.run()V+136
j  java.lang.Thread.run()V+11
v  ~StubRoutines::call_stub
V  [libjvm.dylib+0x2ea39e]
V  [libjvm.dylib+0x2eab2c]
V  [libjvm.dylib+0x2eacd8]
V  [libjvm.dylib+0x345255]
V  [libjvm.dylib+0x560e03]
V  [libjvm.dylib+0x5624fe]
V  [libjvm.dylib+0x482eda]
C  [libsystem_pthread.dylib+0x3abb]  _pthread_body+0xb4
C  [libsystem_pthread.dylib+0x3a07]  _pthread_body+0x0
C  [libsystem_pthread.dylib+0x3231]  thread_start+0xd
C  0x0000000000000000

Java frames: (J=compiled Java code, j=interpreted, Vv=VM code)
j  com.jme3.bullet.PhysicsSpace.stepSimulation(JFIF)V+0
j  com.jme3.bullet.PhysicsSpace.update(FI)V+11
j  com.jme3.bullet.PhysicsSpace.update(F)V+6
j  com.jme3.bullet.BulletAppState.render(Lcom/jme3/renderer/RenderManager;)V+70
j  com.jme3.app.state.AppStateManager.render(Lcom/jme3/renderer/RenderManager;)V+40
j  com.jme3.app.SimpleApplication.update()V+161
j  com.jme3.system.lwjgl.LwjglAbstractDisplay.runLoop()V+22
j  com.jme3.system.lwjgl.LwjglDisplay.runLoop()V+104
j  com.jme3.system.lwjgl.LwjglAbstractDisplay.run()V+136
j  java.lang.Thread.run()V+11
v  ~StubRoutines::call_stub

---------------  P R O C E S S  ---------------

Java Threads: ( => current thread )
  0x00007fd1f7d31000 JavaThread "jME3 Audio Decoder" daemon [_thread_blocked, id=126979, stack(0x0000700002628000,0x0000700002728000)]
  0x00007fd1f8802800 JavaThread "DestroyJavaVM" [_thread_blocked, id=7171, stack(0x0000700000c51000,0x0000700000d51000)]
=>0x00007fd1f8cd4800 JavaThread "jME3 Main" [_thread_in_native, id=64847, stack(0x00007000024a2000,0x00007000025a2000)]
  0x00007fd1f8e35000 JavaThread "TimerQueue" daemon [_thread_blocked, id=68899, stack(0x000070000239f000,0x000070000249f000)]
  0x00007fd1f79f3000 JavaThread "Image Fetcher 0" daemon [_thread_blocked, id=59399, stack(0x0000700002219000,0x0000700002319000)]
  0x00007fd1f9054800 JavaThread "Timer-0" daemon [_thread_blocked, id=58883, stack(0x0000700002116000,0x0000700002216000)]
  0x00007fd1f8b9b800 JavaThread "Java2D Disposer" daemon [_thread_blocked, id=58383, stack(0x0000700002013000,0x0000700002113000)]
  0x00007fd1f798e800 JavaThread "Java2D Queue Flusher" daemon [_thread_blocked, id=55303, stack(0x0000700001f10000,0x0000700002010000)]
  0x00007fd1f902f000 JavaThread "AppKit Thread" daemon [_thread_in_native, id=2059, stack(0x00007fff59525000,0x00007fff59d25000)]
  0x00007fd1f7853800 JavaThread "Service Thread" daemon [_thread_blocked, id=18435, stack(0x0000700001875000,0x0000700001975000)]
  0x00007fd1f7836000 JavaThread "C1 CompilerThread2" daemon [_thread_blocked, id=17923, stack(0x0000700001772000,0x0000700001872000)]
  0x00007fd1f7825000 JavaThread "C2 CompilerThread1" daemon [_thread_blocked, id=17411, stack(0x000070000166f000,0x000070000176f000)]
  0x00007fd1f8002000 JavaThread "C2 CompilerThread0" daemon [_thread_blocked, id=16899, stack(0x000070000156c000,0x000070000166c000)]
  0x00007fd1f8893000 JavaThread "Signal Dispatcher" daemon [_thread_blocked, id=16387, stack(0x0000700001469000,0x0000700001569000)]
  0x00007fd1f9004800 JavaThread "Finalizer" daemon [_thread_blocked, id=12547, stack(0x0000700001366000,0x0000700001466000)]
  0x00007fd1f781b000 JavaThread "Reference Handler" daemon [_thread_blocked, id=12035, stack(0x0000700001263000,0x0000700001363000)]

Other Threads:
  0x00007fd1f7816800 VMThread [stack: 0x0000700001160000,0x0000700001260000] [id=11523]
  0x00007fd1f883a800 WatcherThread [stack: 0x0000700001978000,0x0000700001a78000] [id=18947]

VM state:not at safepoint (normal execution)

VM Mutex/Monitor currently owned by a thread: None

Heap:
 PSYoungGen      total 38400K, used 9138K [0x0000000795580000, 0x000000079a080000, 0x00000007c0000000)
  eden space 33280K, 12% used [0x0000000795580000,0x0000000795972e50,0x0000000797600000)
  from space 5120K, 99% used [0x0000000797b00000,0x0000000797ff9a30,0x0000000798000000)
  to   space 5120K, 0% used [0x0000000797600000,0x0000000797600000,0x0000000797b00000)
 ParOldGen       total 87552K, used 20989K [0x0000000740000000, 0x0000000745580000, 0x0000000795580000)
  object space 87552K, 23% used [0x0000000740000000,0x000000074147f7b8,0x0000000745580000)
 Metaspace       used 19266K, capacity 19443K, committed 19840K, reserved 1067008K
  class space    used 2248K, capacity 2323K, committed 2432K, reserved 1048576K

Card table byte_map: [0x0000000107b4f000,0x0000000107f50000] byte_map_base: 0x000000010414f000

Marking Bits: (ParMarkBitMap*) 0x00000001070e3ea0
 Begin Bits: [0x000000011a25a000, 0x000000011c25a000)
 End Bits:   [0x000000011c25a000, 0x000000011e25a000)

Polling page: 0x0000000105f9b000

CodeCache: size=245760Kb used=5546Kb max_used=5546Kb free=240213Kb
 bounds [0x000000010b25a000, 0x000000010b7ca000, 0x000000011a25a000]
 total_blobs=2299 nmethods=1642 adapters=570
 compilation: enabled

Compilation events (10 events):
Event: 5.001 Thread 0x00007fd1f7836000 1644       3       com.jme3.math.FastMath::abs (11 bytes)
Event: 5.001 Thread 0x00007fd1f7836000 nmethod 1644 0x000000010b7c6550 code [0x000000010b7c66c0, 0x000000010b7c6870]
Event: 5.001 Thread 0x00007fd1f7836000 1645       3       java.lang.Throwable::<init> (39 bytes)
Event: 5.001 Thread 0x00007fd1f7836000 nmethod 1645 0x000000010b7c6910 code [0x000000010b7c6a80, 0x000000010b7c6da8]
Event: 5.001 Thread 0x00007fd1f7836000 1642       3       com.jme3.math.Vector3f::set (17 bytes)
Event: 5.001 Thread 0x00007fd1f7836000 nmethod 1642 0x000000010b7c12d0 code [0x000000010b7c1420, 0x000000010b7c1590]
Event: 5.001 Thread 0x00007fd1f7836000 1643       1       com.jme3.math.Transform::getRotation (5 bytes)
Event: 5.001 Thread 0x00007fd1f7836000 nmethod 1643 0x000000010b7c6e90 code [0x000000010b7c6fe0, 0x000000010b7c70f0]
Event: 5.002 Thread 0x00007fd1f7836000 1646       3       com.jme3.math.Quaternion::set (34 bytes)
Event: 5.002 Thread 0x00007fd1f7836000 nmethod 1646 0x000000010b7c7150 code [0x000000010b7c72c0, 0x000000010b7c7450]

GC Heap History (4 events):
Event: 3.756 GC heap before
{Heap before GC invocations=1 (full 0):
 PSYoungGen      total 38400K, used 33280K [0x0000000795580000, 0x0000000798000000, 0x00000007c0000000)
  eden space 33280K, 100% used [0x0000000795580000,0x0000000797600000,0x0000000797600000)
  from space 5120K, 0% used [0x0000000797b00000,0x0000000797b00000,0x0000000798000000)
  to   space 5120K, 0% used [0x0000000797600000,0x0000000797600000,0x0000000797b00000)
 ParOldGen       total 87552K, used 0K [0x0000000740000000, 0x0000000745580000, 0x0000000795580000)
  object space 87552K, 0% used [0x0000000740000000,0x0000000740000000,0x0000000745580000)
 Metaspace       used 18761K, capacity 19015K, committed 19456K, reserved 1067008K
  class space    used 2201K, capacity 2289K, committed 2304K, reserved 1048576K
Event: 3.768 GC heap after
Heap after GC invocations=1 (full 0):
 PSYoungGen      total 38400K, used 5094K [0x0000000795580000, 0x0000000798000000, 0x00000007c0000000)
  eden space 33280K, 0% used [0x0000000795580000,0x0000000795580000,0x0000000797600000)
  from space 5120K, 99% used [0x0000000797600000,0x0000000797af9a30,0x0000000797b00000)
  to   space 5120K, 0% used [0x0000000797b00000,0x0000000797b00000,0x0000000798000000)
 ParOldGen       total 87552K, used 2916K [0x0000000740000000, 0x0000000745580000, 0x0000000795580000)
  object space 87552K, 3% used [0x0000000740000000,0x00000007402d92c0,0x0000000745580000)
 Metaspace       used 18761K, capacity 19015K, committed 19456K, reserved 1067008K
  class space    used 2201K, capacity 2289K, committed 2304K, reserved 1048576K
}
Event: 3.903 GC heap before
{Heap before GC invocations=2 (full 0):
 PSYoungGen      total 38400K, used 38374K [0x0000000795580000, 0x0000000798000000, 0x00000007c0000000)
  eden space 33280K, 100% used [0x0000000795580000,0x0000000797600000,0x0000000797600000)
  from space 5120K, 99% used [0x0000000797600000,0x0000000797af9a30,0x0000000797b00000)
  to   space 5120K, 0% used [0x0000000797b00000,0x0000000797b00000,0x0000000798000000)
 ParOldGen       total 87552K, used 2916K [0x0000000740000000, 0x0000000745580000, 0x0000000795580000)
  object space 87552K, 3% used [0x0000000740000000,0x00000007402d92c0,0x0000000745580000)
 Metaspace       used 19048K, capacity 19271K, committed 19712K, reserved 1067008K
  class space    used 2222K, capacity 2289K, committed 2304K, reserved 1048576K
Event: 3.919 GC heap after
Heap after GC invocations=2 (full 0):
 PSYoungGen      total 38400K, used 5094K [0x0000000795580000, 0x000000079a080000, 0x00000007c0000000)
  eden space 33280K, 0% used [0x0000000795580000,0x0000000795580000,0x0000000797600000)
  from space 5120K, 99% used [0x0000000797b00000,0x0000000797ff9a30,0x0000000798000000)
  to   space 5120K, 0% used [0x0000000797600000,0x0000000797600000,0x0000000797b00000)
 ParOldGen       total 87552K, used 20989K [0x0000000740000000, 0x0000000745580000, 0x0000000795580000)
  object space 87552K, 23% used [0x0000000740000000,0x000000074147f7b8,0x0000000745580000)
 Metaspace       used 19048K, capacity 19271K, committed 19712K, reserved 1067008K
  class space    used 2222K, capacity 2289K, committed 2304K, reserved 1048576K
}

Deoptimization events (10 events):
Event: 2.949 Thread 0x00007fd1f8802800 Uncommon trap: reason=unstable_if action=reinterpret pc=0x000000010b4f7b9c method=java.lang.String.replace(CC)Ljava/lang/String; @ 26
Event: 2.953 Thread 0x00007fd1f8802800 Uncommon trap: reason=unstable_if action=reinterpret pc=0x000000010b4d1748 method=java.lang.String.toLowerCase(Ljava/util/Locale;)Ljava/lang/String; @ 22
Event: 3.530 Thread 0x00007fd1f8cd4800 Uncommon trap: reason=bimorphic action=maybe_recompile pc=0x000000010b663784 method=java.util.regex.Pattern$Start.match(Ljava/util/regex/Matcher;ILjava/lang/CharSequence;)Z @ 44
Event: 3.530 Thread 0x00007fd1f8cd4800 Uncommon trap: reason=bimorphic action=maybe_recompile pc=0x000000010b663784 method=java.util.regex.Pattern$Start.match(Ljava/util/regex/Matcher;ILjava/lang/CharSequence;)Z @ 44
Event: 3.530 Thread 0x00007fd1f8cd4800 Uncommon trap: reason=bimorphic action=maybe_recompile pc=0x000000010b663784 method=java.util.regex.Pattern$Start.match(Ljava/util/regex/Matcher;ILjava/lang/CharSequence;)Z @ 44
Event: 3.531 Thread 0x00007fd1f8cd4800 Uncommon trap: reason=bimorphic action=maybe_recompile pc=0x000000010b663784 method=java.util.regex.Pattern$Start.match(Ljava/util/regex/Matcher;ILjava/lang/CharSequence;)Z @ 44
Event: 3.644 Thread 0x00007fd1f8cd4800 Uncommon trap: reason=unstable_if action=reinterpret pc=0x000000010b6f1ffc method=com.sun.org.apache.xerces.internal.impl.XMLEntityScanner.skipSpaces()Z @ 75
Event: 3.708 Thread 0x00007fd1f8cd4800 Uncommon trap: reason=unstable_if action=reinterpret pc=0x000000010b6daa08 method=com.sun.org.apache.xerces.internal.impl.XMLEntityScanner.peekChar()I @ 14
Event: 3.786 Thread 0x00007fd1f8cd4800 Uncommon trap: reason=unstable_if action=reinterpret pc=0x000000010b687ca8 method=java.util.regex.Matcher.find()Z @ 21
Event: 3.787 Thread 0x00007fd1f8cd4800 Uncommon trap: reason=unstable_if action=reinterpret pc=0x000000010b74b2e4 method=sun.misc.FloatingDecimal$ASCIIToBinaryBuffer.floatValue()F @ 65

Internal exceptions (10 events):
Event: 3.300 Thread 0x00007fd1f8cd4800 Exception <a 'java/security/PrivilegedActionException'> (0x0000000796be8318) thrown at [/Users/java_re/workspace/8-2-build-macosx-x86_64/jdk8u77/6540/hotspot/src/share/vm/prims/jvm.cpp, line 1386]
Event: 3.300 Thread 0x00007fd1f8cd4800 Exception <a 'org/lwjgl/LWJGLException': Could not load OpenAL library> (0x0000000796be9f60) thrown at [/Users/java_re/workspace/8-2-build-macosx-x86_64/jdk8u77/6540/hotspot/src/share/vm/prims/jni.cpp, line 735]
Event: 3.301 Thread 0x00007fd1f8cd4800 Exception <a 'org/lwjgl/LWJGLException': Could not load OpenAL library> (0x0000000796bea650) thrown at [/Users/java_re/workspace/8-2-build-macosx-x86_64/jdk8u77/6540/hotspot/src/share/vm/prims/jni.cpp, line 735]
Event: 3.301 Thread 0x00007fd1f8cd4800 Exception <a 'org/lwjgl/LWJGLException': Could not load OpenAL library> (0x0000000796beab98) thrown at [/Users/java_re/workspace/8-2-build-macosx-x86_64/jdk8u77/6540/hotspot/src/share/vm/prims/jni.cpp, line 735]
Event: 3.301 Thread 0x00007fd1f8cd4800 Exception <a 'org/lwjgl/LWJGLException': Could not load OpenAL library> (0x0000000796beb080) thrown at [/Users/java_re/workspace/8-2-build-macosx-x86_64/jdk8u77/6540/hotspot/src/share/vm/prims/jni.cpp, line 735]
Event: 3.301 Thread 0x00007fd1f8cd4800 Exception <a 'org/lwjgl/LWJGLException': Could not load OpenAL library> (0x0000000796beb5a8) thrown at [/Users/java_re/workspace/8-2-build-macosx-x86_64/jdk8u77/6540/hotspot/src/share/vm/prims/jni.cpp, line 735]
Event: 3.301 Thread 0x00007fd1f8cd4800 Exception <a 'org/lwjgl/LWJGLException': Could not load OpenAL library> (0x0000000796bebac8) thrown at [/Users/java_re/workspace/8-2-build-macosx-x86_64/jdk8u77/6540/hotspot/src/share/vm/prims/jni.cpp, line 735]
Event: 3.301 Thread 0x00007fd1f8cd4800 Exception <a 'org/lwjgl/LWJGLException': Could not load OpenAL library> (0x0000000796bebf58) thrown at [/Users/java_re/workspace/8-2-build-macosx-x86_64/jdk8u77/6540/hotspot/src/share/vm/prims/jni.cpp, line 735]
Event: 3.301 Thread 0x00007fd1f8cd4800 Exception <a 'org/lwjgl/LWJGLException': Could not load OpenAL library> (0x0000000796bec3a8) thrown at [/Users/java_re/workspace/8-2-build-macosx-x86_64/jdk8u77/6540/hotspot/src/share/vm/prims/jni.cpp, line 735]
Event: 3.301 Thread 0x00007fd1f8cd4800 Exception <a 'org/lwjgl/LWJGLException': Could not load OpenAL library> (0x0000000796beca50) thrown at [/Users/java_re/workspace/8-2-build-macosx-x86_64/jdk8u77/6540/hotspot/src/share/vm/prims/jni.cpp, line 735]

Events (10 events):
Event: 5.001 loading class com/jme3/audio/ListenerParam
Event: 5.001 loading class com/jme3/audio/ListenerParam done
Event: 5.001 loading class com/jme3/audio/openal/ALAudioRenderer$1
Event: 5.001 loading class com/jme3/audio/openal/ALAudioRenderer$1 done
Event: 5.001 loading class com/jme3/audio/AudioParam
Event: 5.001 loading class com/jme3/audio/AudioParam done
Event: 5.002 loading class java/util/concurrent/ConcurrentLinkedQueue$Itr
Event: 5.002 loading class java/util/concurrent/ConcurrentLinkedQueue$Itr done
Event: 5.002 loading class com/jme3/bullet/collision/PhysicsCollisionEvent
Event: 5.002 loading class com/jme3/bullet/collision/PhysicsCollisionEvent done


Dynamic libraries:
0x000000002b855000 	/System/Library/Frameworks/Cocoa.framework/Versions/A/Cocoa
0x000000002b855000 	/System/Library/Frameworks/Security.framework/Versions/A/Security
0x000000002b855000 	/System/Library/Frameworks/ApplicationServices.framework/Versions/A/ApplicationServices
0x000000002b855000 	/usr/lib/libz.1.dylib
0x000000002b855000 	/usr/lib/libSystem.B.dylib
0x000000002b855000 	/usr/lib/libobjc.A.dylib
0x000000002b855000 	/System/Library/Frameworks/CoreFoundation.framework/Versions/A/CoreFoundation
0x000000002b855000 	/System/Library/Frameworks/Foundation.framework/Versions/C/Foundation
0x000000002b855000 	/System/Library/Frameworks/AppKit.framework/Versions/C/AppKit
0x000000002b855000 	/System/Library/Frameworks/CoreData.framework/Versions/A/CoreData
0x000000002b855000 	/System/Library/PrivateFrameworks/RemoteViewServices.framework/Versions/A/RemoteViewServices
0x000000002b855000 	/System/Library/PrivateFrameworks/UIFoundation.framework/Versions/A/UIFoundation
0x000000002b855000 	/usr/lib/libenergytrace.dylib
0x000000002b855000 	/System/Library/PrivateFrameworks/SkyLight.framework/Versions/A/SkyLight
0x000000002b855000 	/System/Library/Frameworks/CoreGraphics.framework/Versions/A/CoreGraphics
0x000000002b855000 	/usr/lib/libScreenReader.dylib
0x000000002b855000 	/System/Library/Frameworks/Accelerate.framework/Versions/A/Accelerate
0x000000002b855000 	/System/Library/Frameworks/IOSurface.framework/Versions/A/IOSurface
0x000000002b855000 	/System/Library/Frameworks/AudioToolbox.framework/Versions/A/AudioToolbox
0x000000002b855000 	/System/Library/Frameworks/AudioUnit.framework/Versions/A/AudioUnit
0x000000002b855000 	/System/Library/PrivateFrameworks/DataDetectorsCore.framework/Versions/A/DataDetectorsCore
0x000000002b855000 	/System/Library/PrivateFrameworks/DesktopServicesPriv.framework/Versions/A/DesktopServicesPriv
0x000000002b855000 	/System/Library/Frameworks/Carbon.framework/Versions/A/Frameworks/HIToolbox.framework/Versions/A/HIToolbox
0x000000002b855000 	/usr/lib/libicucore.A.dylib
0x000000002b855000 	/System/Library/Frameworks/QuartzCore.framework/Versions/A/QuartzCore
0x000000002b855000 	/System/Library/Frameworks/Carbon.framework/Versions/A/Frameworks/SpeechRecognition.framework/Versions/A/SpeechRecognition
0x000000002b855000 	/usr/lib/libauto.dylib
0x000000002b855000 	/usr/lib/libxml2.2.dylib
0x000000002b855000 	/System/Library/PrivateFrameworks/CoreUI.framework/Versions/A/CoreUI
0x000000002b855000 	/System/Library/Frameworks/CoreAudio.framework/Versions/A/CoreAudio
0x000000002b855000 	/System/Library/Frameworks/DiskArbitration.framework/Versions/A/DiskArbitration
0x000000002b855000 	/usr/lib/liblangid.dylib
0x000000002b855000 	/System/Library/PrivateFrameworks/MultitouchSupport.framework/Versions/A/MultitouchSupport
0x000000002b855000 	/System/Library/Frameworks/IOKit.framework/Versions/A/IOKit
0x000000002b855000 	/usr/lib/libDiagnosticMessagesClient.dylib
0x000000002b855000 	/System/Library/Frameworks/CoreServices.framework/Versions/A/CoreServices
0x000000002b855000 	/System/Library/PrivateFrameworks/PerformanceAnalysis.framework/Versions/A/PerformanceAnalysis
0x000000002b855000 	/System/Library/PrivateFrameworks/GenerationalStorage.framework/Versions/A/GenerationalStorage
0x000000002b855000 	/System/Library/Frameworks/OpenGL.framework/Versions/A/OpenGL
0x000000002b855000 	/System/Library/Frameworks/CoreImage.framework/Versions/A/CoreImage
0x000000002b855000 	/System/Library/Frameworks/CoreText.framework/Versions/A/CoreText
0x000000002b855000 	/System/Library/Frameworks/ImageIO.framework/Versions/A/ImageIO
0x000000002b855000 	/System/Library/PrivateFrameworks/Backup.framework/Versions/A/Backup
0x000000002b855000 	/usr/lib/libarchive.2.dylib
0x000000002b855000 	/System/Library/Frameworks/CFNetwork.framework/Versions/A/CFNetwork
0x000000002b855000 	/System/Library/Frameworks/SystemConfiguration.framework/Versions/A/SystemConfiguration
0x000000002b855000 	/usr/lib/libCRFSuite.dylib
0x000000002b855000 	/usr/lib/libc++.1.dylib
0x000000002b855000 	/usr/lib/libc++abi.dylib
0x000000002b855000 	/usr/lib/system/libcache.dylib
0x000000002b855000 	/usr/lib/system/libcommonCrypto.dylib
0x000000002b855000 	/usr/lib/system/libcompiler_rt.dylib
0x000000002b855000 	/usr/lib/system/libcopyfile.dylib
0x000000002b855000 	/usr/lib/system/libcorecrypto.dylib
0x000000002b855000 	/usr/lib/system/libdispatch.dylib
0x000000002b855000 	/usr/lib/system/libdyld.dylib
0x000000002b855000 	/usr/lib/system/libkeymgr.dylib
0x000000002b855000 	/usr/lib/system/liblaunch.dylib
0x000000002b855000 	/usr/lib/system/libmacho.dylib
0x000000002b855000 	/usr/lib/system/libquarantine.dylib
0x000000002b855000 	/usr/lib/system/libremovefile.dylib
0x000000002b855000 	/usr/lib/system/libsystem_asl.dylib
0x000000002b855000 	/usr/lib/system/libsystem_blocks.dylib
0x000000002b855000 	/usr/lib/system/libsystem_c.dylib
0x000000002b855000 	/usr/lib/system/libsystem_configuration.dylib
0x000000002b855000 	/usr/lib/system/libsystem_coreservices.dylib
0x000000002b855000 	/usr/lib/system/libsystem_coretls.dylib
0x000000002b855000 	/usr/lib/system/libsystem_dnssd.dylib
0x000000002b855000 	/usr/lib/system/libsystem_info.dylib
0x000000002b855000 	/usr/lib/system/libsystem_kernel.dylib
0x000000002b855000 	/usr/lib/system/libsystem_m.dylib
0x000000002b855000 	/usr/lib/system/libsystem_malloc.dylib
0x000000002b855000 	/usr/lib/system/libsystem_network.dylib
0x000000002b855000 	/usr/lib/system/libsystem_networkextension.dylib
0x000000002b855000 	/usr/lib/system/libsystem_notify.dylib
0x000000002b855000 	/usr/lib/system/libsystem_platform.dylib
0x000000002b855000 	/usr/lib/system/libsystem_pthread.dylib
0x000000002b855000 	/usr/lib/system/libsystem_sandbox.dylib
0x000000002b855000 	/usr/lib/system/libsystem_secinit.dylib
0x000000002b855000 	/usr/lib/system/libsystem_symptoms.dylib
0x000000002b855000 	/usr/lib/system/libsystem_trace.dylib
0x000000002b855000 	/usr/lib/system/libunwind.dylib
0x000000002b855000 	/usr/lib/system/libxpc.dylib
0x000000002b855000 	/usr/lib/libbsm.0.dylib
0x000000002b855000 	/usr/lib/system/libkxld.dylib
0x000000002b855000 	/usr/lib/libcoretls.dylib
0x000000002b855000 	/usr/lib/libcoretls_cfhelpers.dylib
0x000000002b855000 	/usr/lib/libxar.1.dylib
0x000000002b855000 	/usr/lib/libsqlite3.dylib
0x000000002b855000 	/usr/lib/libpam.2.dylib
0x000000002b855000 	/usr/lib/libOpenScriptingUtil.dylib
0x000000002b855000 	/usr/lib/libbz2.1.0.dylib
0x000000002b855000 	/usr/lib/liblzma.5.dylib
0x000000002b855000 	/usr/lib/libnetwork.dylib
0x000000002b855000 	/usr/lib/libpcap.A.dylib
0x000000002b855000 	/System/Library/Frameworks/CoreServices.framework/Versions/A/Frameworks/FSEvents.framework/Versions/A/FSEvents
0x000000002b855000 	/System/Library/Frameworks/CoreServices.framework/Versions/A/Frameworks/CarbonCore.framework/Versions/A/CarbonCore
0x000000002b855000 	/System/Library/Frameworks/CoreServices.framework/Versions/A/Frameworks/Metadata.framework/Versions/A/Metadata
0x000000002b855000 	/System/Library/Frameworks/CoreServices.framework/Versions/A/Frameworks/OSServices.framework/Versions/A/OSServices
0x000000002b855000 	/System/Library/Frameworks/CoreServices.framework/Versions/A/Frameworks/SearchKit.framework/Versions/A/SearchKit
0x000000002b855000 	/System/Library/Frameworks/CoreServices.framework/Versions/A/Frameworks/AE.framework/Versions/A/AE
0x000000002b855000 	/System/Library/Frameworks/CoreServices.framework/Versions/A/Frameworks/LaunchServices.framework/Versions/A/LaunchServices
0x000000002b855000 	/System/Library/Frameworks/CoreServices.framework/Versions/A/Frameworks/DictionaryServices.framework/Versions/A/DictionaryServices
0x000000002b855000 	/System/Library/Frameworks/CoreServices.framework/Versions/A/Frameworks/SharedFileList.framework/Versions/A/SharedFileList
0x000000002b855000 	/System/Library/Frameworks/NetFS.framework/Versions/A/NetFS
0x000000002b855000 	/System/Library/PrivateFrameworks/NetAuth.framework/Versions/A/NetAuth
0x000000002b855000 	/System/Library/PrivateFrameworks/login.framework/Versions/A/Frameworks/loginsupport.framework/Versions/A/loginsupport
0x000000002b855000 	/System/Library/PrivateFrameworks/TCC.framework/Versions/A/TCC
0x000000002b855000 	/usr/lib/libmecabra.dylib
0x000000002b855000 	/System/Library/Frameworks/ApplicationServices.framework/Versions/A/Frameworks/ATS.framework/Versions/A/ATS
0x000000002b855000 	/System/Library/Frameworks/ApplicationServices.framework/Versions/A/Frameworks/ColorSync.framework/Versions/A/ColorSync
0x000000002b855000 	/System/Library/Frameworks/ApplicationServices.framework/Versions/A/Frameworks/HIServices.framework/Versions/A/HIServices
0x000000002b855000 	/System/Library/Frameworks/ApplicationServices.framework/Versions/A/Frameworks/LangAnalysis.framework/Versions/A/LangAnalysis
0x000000002b855000 	/System/Library/Frameworks/ApplicationServices.framework/Versions/A/Frameworks/PrintCore.framework/Versions/A/PrintCore
0x000000002b855000 	/System/Library/Frameworks/ApplicationServices.framework/Versions/A/Frameworks/QD.framework/Versions/A/QD
0x000000002b855000 	/System/Library/Frameworks/ApplicationServices.framework/Versions/A/Frameworks/SpeechSynthesis.framework/Versions/A/SpeechSynthesis
0x000000002b855000 	/System/Library/Frameworks/Accelerate.framework/Versions/A/Frameworks/vImage.framework/Versions/A/vImage
0x000000002b855000 	/System/Library/Frameworks/Accelerate.framework/Versions/A/Frameworks/vecLib.framework/Versions/A/vecLib
0x000000002b855000 	/System/Library/Frameworks/Accelerate.framework/Versions/A/Frameworks/vecLib.framework/Versions/A/libvDSP.dylib
0x000000002b855000 	/System/Library/Frameworks/Accelerate.framework/Versions/A/Frameworks/vecLib.framework/Versions/A/libBNNS.dylib
0x000000002b855000 	/System/Library/Frameworks/Accelerate.framework/Versions/A/Frameworks/vecLib.framework/Versions/A/libQuadrature.dylib
0x000000002b855000 	/System/Library/Frameworks/Accelerate.framework/Versions/A/Frameworks/vecLib.framework/Versions/A/libvMisc.dylib
0x000000002b855000 	/System/Library/Frameworks/Accelerate.framework/Versions/A/Frameworks/vecLib.framework/Versions/A/libLAPACK.dylib
0x000000002b855000 	/System/Library/Frameworks/Accelerate.framework/Versions/A/Frameworks/vecLib.framework/Versions/A/libBLAS.dylib
0x000000002b855000 	/System/Library/Frameworks/Accelerate.framework/Versions/A/Frameworks/vecLib.framework/Versions/A/libLinearAlgebra.dylib
0x000000002b855000 	/System/Library/Frameworks/Accelerate.framework/Versions/A/Frameworks/vecLib.framework/Versions/A/libSparseBLAS.dylib
0x000000002b855000 	/System/Library/Frameworks/ApplicationServices.framework/Versions/A/Frameworks/ATS.framework/Versions/A/Resources/libFontParser.dylib
0x000000002b855000 	/System/Library/Frameworks/ApplicationServices.framework/Versions/A/Frameworks/ATS.framework/Versions/A/Resources/libFontRegistry.dylib
0x000000002b855000 	/System/Library/Frameworks/ImageIO.framework/Versions/A/Resources/libJPEG.dylib
0x000000002b855000 	/System/Library/Frameworks/ImageIO.framework/Versions/A/Resources/libTIFF.dylib
0x000000002b855000 	/System/Library/Frameworks/ImageIO.framework/Versions/A/Resources/libPng.dylib
0x000000002b855000 	/System/Library/Frameworks/ImageIO.framework/Versions/A/Resources/libGIF.dylib
0x000000002b855000 	/System/Library/Frameworks/ImageIO.framework/Versions/A/Resources/libJP2.dylib
0x000000002b855000 	/System/Library/Frameworks/ImageIO.framework/Versions/A/Resources/libRadiance.dylib
0x000000002b855000 	/usr/lib/libcompression.dylib
0x000000002b855000 	/System/Library/PrivateFrameworks/AppleJPEG.framework/Versions/A/AppleJPEG
0x000000002b855000 	/usr/lib/libcups.2.dylib
0x000000002b855000 	/System/Library/Frameworks/Kerberos.framework/Versions/A/Kerberos
0x000000002b855000 	/System/Library/Frameworks/GSS.framework/Versions/A/GSS
0x000000002b855000 	/usr/lib/libresolv.9.dylib
0x000000002b855000 	/usr/lib/libiconv.2.dylib
0x000000002b855000 	/System/Library/PrivateFrameworks/Heimdal.framework/Versions/A/Heimdal
0x000000002b855000 	/usr/lib/libheimdal-asn1.dylib
0x000000002b855000 	/System/Library/Frameworks/OpenDirectory.framework/Versions/A/OpenDirectory
0x000000002b855000 	/System/Library/PrivateFrameworks/CommonAuth.framework/Versions/A/CommonAuth
0x000000002b855000 	/System/Library/Frameworks/OpenDirectory.framework/Versions/A/Frameworks/CFOpenDirectory.framework/Versions/A/CFOpenDirectory
0x000000002b855000 	/System/Library/Frameworks/SecurityFoundation.framework/Versions/A/SecurityFoundation
0x000000002b855000 	/System/Library/PrivateFrameworks/LanguageModeling.framework/Versions/A/LanguageModeling
0x000000002b855000 	/usr/lib/libmarisa.dylib
0x000000002b855000 	/usr/lib/libChineseTokenizer.dylib
0x000000002b855000 	/usr/lib/libcmph.dylib
0x000000002b855000 	/System/Library/PrivateFrameworks/CoreEmoji.framework/Versions/A/CoreEmoji
0x000000002b855000 	/System/Library/Frameworks/ServiceManagement.framework/Versions/A/ServiceManagement
0x000000002b855000 	/usr/lib/libxslt.1.dylib
0x000000002b855000 	/System/Library/Frameworks/Carbon.framework/Versions/A/Frameworks/Ink.framework/Versions/A/Ink
0x000000002b855000 	/System/Library/PrivateFrameworks/TextureIO.framework/Versions/A/TextureIO
0x000000002b855000 	/System/Library/Frameworks/Metal.framework/Versions/A/Metal
0x000000002b855000 	/usr/lib/libate.dylib
0x000000002b855000 	/System/Library/PrivateFrameworks/GPUCompiler.framework/libmetal_timestamp.dylib
0x000000002b855000 	/System/Library/Frameworks/OpenGL.framework/Versions/A/Libraries/libCoreFSCache.dylib
0x000000002b855000 	/System/Library/PrivateFrameworks/IOAccelerator.framework/Versions/A/IOAccelerator
0x000000002b855000 	/System/Library/Frameworks/CoreVideo.framework/Versions/A/CoreVideo
0x000000002b855000 	/usr/lib/libFosl_dynamic.dylib
0x000000002b855000 	/System/Library/PrivateFrameworks/MetalPerformanceShaders.framework/Versions/A/MetalPerformanceShaders
0x000000002b855000 	/System/Library/PrivateFrameworks/FaceCore.framework/Versions/A/FaceCore
0x000000002b855000 	/System/Library/Frameworks/OpenCL.framework/Versions/A/OpenCL
0x000000002b855000 	/System/Library/Frameworks/OpenGL.framework/Versions/A/Libraries/libGLU.dylib
0x000000002b855000 	/System/Library/Frameworks/OpenGL.framework/Versions/A/Libraries/libGFXShared.dylib
0x000000002b855000 	/System/Library/Frameworks/OpenGL.framework/Versions/A/Libraries/libGL.dylib
0x000000002b855000 	/System/Library/Frameworks/OpenGL.framework/Versions/A/Libraries/libGLImage.dylib
0x000000002b855000 	/System/Library/Frameworks/OpenGL.framework/Versions/A/Libraries/libCVMSPluginSupport.dylib
0x000000002b855000 	/System/Library/Frameworks/OpenGL.framework/Versions/A/Libraries/libCoreVMClient.dylib
0x000000002b855000 	/System/Library/PrivateFrameworks/CrashReporterSupport.framework/Versions/A/CrashReporterSupport
0x000000002b855000 	/System/Library/PrivateFrameworks/Sharing.framework/Versions/A/Sharing
0x000000002b855000 	/System/Library/PrivateFrameworks/IconServices.framework/Versions/A/IconServices
0x000000002b855000 	/System/Library/PrivateFrameworks/ProtocolBuffer.framework/Versions/A/ProtocolBuffer
0x000000002b855000 	/System/Library/PrivateFrameworks/Apple80211.framework/Versions/A/Apple80211
0x000000002b855000 	/System/Library/Frameworks/CoreWLAN.framework/Versions/A/CoreWLAN
0x000000002b855000 	/System/Library/PrivateFrameworks/CoreUtils.framework/Versions/A/CoreUtils
0x000000002b855000 	/System/Library/Frameworks/IOBluetooth.framework/Versions/A/IOBluetooth
0x000000002b855000 	/System/Library/PrivateFrameworks/CoreWiFi.framework/Versions/A/CoreWiFi
0x000000002b855000 	/System/Library/Frameworks/CoreBluetooth.framework/Versions/A/CoreBluetooth
0x000000002b855000 	/System/Library/Frameworks/CoreDisplay.framework/Versions/A/CoreDisplay
0x000000002b855000 	/System/Library/PrivateFrameworks/IOPresentment.framework/Versions/A/IOPresentment
0x000000002b855000 	/System/Library/PrivateFrameworks/DebugSymbols.framework/Versions/A/DebugSymbols
0x000000002b855000 	/System/Library/PrivateFrameworks/CoreSymbolication.framework/Versions/A/CoreSymbolication
0x000000002b855000 	/System/Library/PrivateFrameworks/Symbolication.framework/Versions/A/Symbolication
0x000000002b855000 	/System/Library/PrivateFrameworks/AppleFSCompression.framework/Versions/A/AppleFSCompression
0x000000002b855000 	/System/Library/PrivateFrameworks/SpeechRecognitionCore.framework/Versions/A/SpeechRecognitionCore
0x000000002b855000 	/System/Library/PrivateFrameworks/ChunkingLibrary.framework/Versions/A/ChunkingLibrary
0x0000000106800000 	/Applications/jmonkeyplatform.app/Contents/Resources/jmonkeyplatform/jdk/jre/lib/server/libjvm.dylib
0x000000002b855000 	/usr/lib/libstdc++.6.dylib
0x0000000105f58000 	/Applications/jmonkeyplatform.app/Contents/Resources/jmonkeyplatform/jdk/jre/lib/libverify.dylib
0x0000000105f66000 	/Applications/jmonkeyplatform.app/Contents/Resources/jmonkeyplatform/jdk/jre/lib/libjava.dylib
0x0000000105fa5000 	/Applications/jmonkeyplatform.app/Contents/Resources/jmonkeyplatform/jdk/jre/lib/libzip.dylib
0x000000010a0a1000 	/System/Library/Frameworks/JavaVM.framework/Frameworks/JavaRuntimeSupport.framework/JavaRuntimeSupport
0x000000010a0bb000 	/System/Library/Frameworks/JavaVM.framework/Versions/A/Frameworks/JavaNativeFoundation.framework/Versions/A/JavaNativeFoundation
0x000000010a0d0000 	/System/Library/Frameworks/JavaVM.framework/Versions/A/JavaVM
0x000000002b855000 	/System/Library/Frameworks/Carbon.framework/Versions/A/Carbon
0x000000010a0dd000 	/System/Library/PrivateFrameworks/JavaLaunching.framework/Versions/A/JavaLaunching
0x000000002b855000 	/System/Library/Frameworks/Carbon.framework/Versions/A/Frameworks/CommonPanels.framework/Versions/A/CommonPanels
0x000000002b855000 	/System/Library/Frameworks/Carbon.framework/Versions/A/Frameworks/Help.framework/Versions/A/Help
0x000000002b855000 	/System/Library/Frameworks/Carbon.framework/Versions/A/Frameworks/ImageCapture.framework/Versions/A/ImageCapture
0x000000002b855000 	/System/Library/Frameworks/Carbon.framework/Versions/A/Frameworks/OpenScripting.framework/Versions/A/OpenScripting
0x000000002b855000 	/System/Library/Frameworks/Carbon.framework/Versions/A/Frameworks/Print.framework/Versions/A/Print
0x000000002b855000 	/System/Library/Frameworks/Carbon.framework/Versions/A/Frameworks/SecurityHI.framework/Versions/A/SecurityHI
0x000000010a184000 	/Applications/jmonkeyplatform.app/Contents/Resources/jmonkeyplatform/jdk/jre/lib/libawt.dylib
0x000000010a22c000 	/Applications/jmonkeyplatform.app/Contents/Resources/jmonkeyplatform/jdk/jre/lib/./libmlib_image.dylib
0x000000010a2f8000 	/Applications/jmonkeyplatform.app/Contents/Resources/jmonkeyplatform/jdk/jre/lib/libawt_lwawt.dylib
0x000000010a3ad000 	/Applications/jmonkeyplatform.app/Contents/Resources/jmonkeyplatform/jdk/jre/lib/./libosxapp.dylib
0x000000002b855000 	/System/Library/Frameworks/ExceptionHandling.framework/Versions/A/ExceptionHandling
0x000000002b855000 	/System/Library/PrivateFrameworks/CoreServicesInternal.framework/Versions/A/CoreServicesInternal
0x000000002b855000 	/System/Library/CoreServices/RawCamera.bundle/Contents/MacOS/RawCamera
0x000000002b855000 	/System/Library/Frameworks/Accelerate.framework/Versions/A/Frameworks/vImage.framework/Versions/A/Libraries/libCGInterfaces.dylib
0x000000002b855000 	/System/Library/Frameworks/ApplicationServices.framework/Versions/A/Frameworks/ATS.framework/Versions/A/Resources/libTrueTypeScaler.dylib
0x000000002b855000 	/System/Library/Frameworks/OpenGL.framework/Versions/A/Resources/GLEngine.bundle/GLEngine
0x000000002b855000 	/System/Library/Frameworks/OpenGL.framework/Versions/A/Libraries/libGLProgrammability.dylib
0x000000012070f000 	/System/Library/Extensions/AppleIntelBDWGraphicsGLDriver.bundle/Contents/MacOS/AppleIntelBDWGraphicsGLDriver
0x000000002b855000 	/System/Library/PrivateFrameworks/GPUSupport.framework/Versions/A/Libraries/libGPUSupportMercury.dylib
0x000000002b855000 	/System/Library/Frameworks/OpenGL.framework/Versions/A/Resources/GLRendererFloat.bundle/GLRendererFloat
0x000000002b855000 	/System/Library/Frameworks/OpenCL.framework/Versions/A/Libraries/libcldcpuengine.dylib
0x000000002b855000 	/usr/lib/libcrypto.0.9.8.dylib
0x000000002b855000 	/System/Library/PrivateFrameworks/TrustEvaluationAgent.framework/Versions/A/TrustEvaluationAgent
0x0000000120e89000 	/System/Library/Extensions/AppleIntelBDWGraphicsMTLDriver.bundle/Contents/MacOS/AppleIntelBDWGraphicsMTLDriver
0x000000002b855000 	/System/Library/PrivateFrameworks/FamilyControls.framework/Versions/A/FamilyControls
0x000000002b855000 	/System/Library/PrivateFrameworks/CommerceKit.framework/Versions/A/Frameworks/CommerceCore.framework/Versions/A/CommerceCore
0x000000002b855000 	/System/Library/PrivateFrameworks/SystemAdministration.framework/Versions/A/SystemAdministration
0x000000002b855000 	/System/Library/PrivateFrameworks/AppContainer.framework/Versions/A/AppContainer
0x000000002b855000 	/System/Library/PrivateFrameworks/SecCodeWrapper.framework/Versions/A/SecCodeWrapper
0x000000002b855000 	/System/Library/Frameworks/DirectoryService.framework/Versions/A/DirectoryService
0x000000002b855000 	/System/Library/PrivateFrameworks/DiskImages.framework/Versions/A/DiskImages
0x000000002b855000 	/System/Library/PrivateFrameworks/LoginUIKit.framework/Versions/A/Frameworks/LoginUICore.framework/Versions/A/LoginUICore
0x000000002b855000 	/usr/lib/libCoreStorage.dylib
0x000000002b855000 	/usr/lib/libcsfde.dylib
0x000000002b855000 	/usr/lib/libodfde.dylib
0x000000002b855000 	/System/Library/Frameworks/DiscRecording.framework/Versions/A/DiscRecording
0x000000002b855000 	/usr/lib/libcurl.4.dylib
0x000000002b855000 	/System/Library/PrivateFrameworks/MediaKit.framework/Versions/A/MediaKit
0x000000002b855000 	/System/Library/PrivateFrameworks/ProtectedCloudStorage.framework/Versions/A/ProtectedCloudStorage
0x000000002b855000 	/System/Library/PrivateFrameworks/EFILogin.framework/Versions/A/EFILogin
0x000000002b855000 	/usr/lib/libutil.dylib
0x000000002b855000 	/System/Library/Frameworks/LDAP.framework/Versions/A/LDAP
0x000000002b855000 	/usr/lib/libsasl2.2.dylib
0x000000002b855000 	/System/Library/PrivateFrameworks/CoreDaemon.framework/Versions/B/CoreDaemon
0x000000002b855000 	/System/Library/PrivateFrameworks/AppleSRP.framework/Versions/A/AppleSRP
0x000000002b855000 	/System/Library/PrivateFrameworks/APFS.framework/Versions/A/APFS
0x0000000122313000 	/Applications/jmonkeyplatform.app/Contents/Resources/jmonkeyplatform/jdk/jre/lib/libfontmanager.dylib
0x0000000122ba8000 	/Applications/jmonkeyplatform.app/Contents/Resources/jmonkeyplatform/jdk/jre/lib/libosxui.dylib
0x0000000123651000 	/Applications/jmonkeyplatform.app/Contents/Resources/jmonkeyplatform/jdk/jre/lib/libosx.dylib
0x000000002b855000 	/System/Library/PrivateFrameworks/ViewBridge.framework/Versions/A/ViewBridge
0x000000002b855000 	/System/Library/PrivateFrameworks/XPCService.framework/Versions/A/XPCService
0x000000002b855000 	/System/Library/PrivateFrameworks/AppSandbox.framework/Versions/A/AppSandbox
0x000000002b855000 	/usr/lib/libsandbox.1.dylib
0x000000002b855000 	/usr/lib/libMatch.1.dylib
0x000000012519a000 	/Applications/jmonkeyplatform.app/Contents/Resources/jmonkeyplatform/jdk/jre/lib/libnet.dylib
0x00000001251b1000 	/Applications/jmonkeyplatform.app/Contents/Resources/jmonkeyplatform/jdk/jre/lib/libnio.dylib
0x000000015443f000 	/Users/EOF-1/Documents/IIITB Courses/Semester 3/Java/Java Project/3D-Racing-Game/libbulletjme.dylib
0x0000000123aef000 	/Users/EOF-1/Documents/IIITB Courses/Semester 3/Java/Java Project/3D-Racing-Game/libopenal.dylib
0x0000000123b4b000 	/Users/EOF-1/Documents/IIITB Courses/Semester 3/Java/Java Project/3D-Racing-Game/liblwjgl.dylib
0x000000010b041000 	/Applications/jmonkeyplatform.app/Contents/Resources/jmonkeyplatform/jdk/jre/lib/libjawt.dylib
0x000000002b855000 	/System/Library/Frameworks/OpenAL.framework/Versions/A/OpenAL
0x00000001661df000 	/System/Library/Components/CoreAudio.component/Contents/MacOS/CoreAudio
0x0000000123778000 	/System/Library/Extensions/AppleHDA.kext/Contents/PlugIns/AppleHDAHALPlugIn.bundle/Contents/MacOS/AppleHDAHALPlugIn
0x0000000166b82000 	/Applications/jmonkeyplatform.app/Contents/Resources/jmonkeyplatform/jdk/jre/lib/libjpeg.dylib
0x0000000166baf000 	/Applications/jmonkeyplatform.app/Contents/Resources/jmonkeyplatform/jdk/jre/lib/liblcms.dylib

VM Arguments:
jvm_args: -Dfile.encoding=UTF-8 
java_command: mygame.Main
java_class_path (initial): /Applications/jmonkeyplatform.app/Contents/Resources/jmonkeyplatform/jmonkeyplatform/libs/jme3-jogg-3.1.0-3.1-beta1-b002-SNAPSHOT-SNAPSHOT.jar:/Applications/jmonkeyplatform.app/Contents/Resources/jmonkeyplatform/jmonkeyplatform/libs/j-ogg-all-1.0.0.jar:/Applications/jmonkeyplatform.app/Contents/Resources/jmonkeyplatform/jmonkeyplatform/libs/jme3-networking-3.1.0-3.1-beta1-b002-SNAPSHOT-SNAPSHOT.jar:/Applications/jmonkeyplatform.app/Contents/Resources/jmonkeyplatform/jmonkeyplatform/libs/jme3-plugins-3.1.0-beta1.jar:/Applications/jmonkeyplatform.app/Contents/Resources/jmonkeyplatform/jmonkeyplatform/libs/jme3-core-3.1.0-beta1.jar:/Applications/jmonkeyplatform.app/Contents/Resources/jmonkeyplatform/jmonkeyplatform/libs/jme3-desktop-3.1.0-beta1.jar:/Applications/jmonkeyplatform.app/Contents/Resources/jmonkeyplatform/jmonkeyplatform/libs/jme3-lwjgl-3.1.0-beta1.jar:/Applications/jmonkeyplatform.app/Contents/Resources/jmonkeyplatform/jmonkeyplatform/libs/lwjgl-platform-2.9.3-natives-linux.jar:/Applications/jmonkeyplatform.app/Contents/Resources/jmonkeyplatform/jmonkeyplatform/libs/lwjgl-platform-2.9.3-natives-osx.jar:/Applications/jmonkeyplatform.app/Contents/Resources/jmonkeyplatform/jmonkeyplatform/libs/lwjgl-platform-2.9.3-natives-windows.jar:/Applications/jmonkeyplatform.app/Contents/Resources/jmonkeyplatform/jmonkeyplatform/libs/jutils-1.0.0.jar:/Applications/jmonkeyplatform.app/Contents/Resources/jmonkeyplatform/jmonkeyplatform/libs/jinput-2.0.5.jar:/Applications/jmonkeyplatform.app/Contents/Resources/jmonkeyplatform/jmonkeyplatform/libs/lwjgl-2.9.3.jar:/Applications/jmonkeyplatform.app/Contents/Resources/jmonkeyplatform/jmonkeyplatform/libs/jinput-platform-2.0.5-natives-linux.jar:/Applications/jmonkeyplatform.app/Contents/Resources/jmonkeyplatform/jmonkeyplatform/libs/jinput-platform-2.0.5-natives-osx.jar:/Applications/jmonkeyplatform.app/Contents/Resources/jmonkeyplatform/jmonkeyplatform/libs/jinput-platform-2.0.5-natives-windows.jar:/
Launcher Type: SUN_STANDARD

Environment Variables:
PATH=/usr/bin:/bin:/usr/sbin:/sbin
LD_LIBRARY_PATH=/Applications/jmonkeyplatform.app/Contents/MacOS/../Resources/jmonkeyplatform/bin/../jdk/jre/lib/amd64:/Applications/jmonkeyplatform.app/Contents/MacOS/../Resources/jmonkeyplatform/bin/../jdk/jre/lib/i386:
SHELL=/bin/bash
DISPLAY=/private/tmp/com.apple.launchd.C8TEYBbDBQ/org.macosforge.xquartz:0

Signal Handlers:
SIGSEGV: [libjvm.dylib+0x5a6855], sa_mask[0]=11111111011111110111111111111111, sa_flags=SA_ONSTACK|SA_RESTART|SA_SIGINFO
SIGBUS: [libjvm.dylib+0x5a6855], sa_mask[0]=11111111011111110111111111111111, sa_flags=SA_RESTART|SA_SIGINFO
SIGFPE: [libjvm.dylib+0x4804ec], sa_mask[0]=11111111011111110111111111111111, sa_flags=SA_RESTART|SA_SIGINFO
SIGPIPE: [libjvm.dylib+0x4804ec], sa_mask[0]=11111111011111110111111111111111, sa_flags=SA_RESTART|SA_SIGINFO
SIGXFSZ: [libjvm.dylib+0x4804ec], sa_mask[0]=11111111011111110111111111111111, sa_flags=SA_RESTART|SA_SIGINFO
SIGILL: [libjvm.dylib+0x4804ec], sa_mask[0]=11111111011111110111111111111111, sa_flags=SA_RESTART|SA_SIGINFO
SIGUSR1: SIG_DFL, sa_mask[0]=00000000000000000000000000000000, sa_flags=none
SIGUSR2: [libjvm.dylib+0x48000a], sa_mask[0]=00100000000000000000000000000000, sa_flags=SA_RESTART|SA_SIGINFO
SIGHUP: [libjvm.dylib+0x47e5e1], sa_mask[0]=11111111011111110111111111111111, sa_flags=SA_RESTART|SA_SIGINFO
SIGINT: SIG_IGN, sa_mask[0]=00000000000000000000000000000000, sa_flags=none
SIGTERM: [libjvm.dylib+0x47e5e1], sa_mask[0]=11111111011111110111111111111111, sa_flags=SA_RESTART|SA_SIGINFO
SIGQUIT: [libjvm.dylib+0x47e5e1], sa_mask[0]=11111111011111110111111111111111, sa_flags=SA_RESTART|SA_SIGINFO


---------------  S Y S T E M  ---------------

OS:Bsduname:Darwin 16.0.0 Darwin Kernel Version 16.0.0: Mon Aug 29 17:56:20 PDT 2016; root:xnu-3789.1.32~3/RELEASE_X86_64 x86_64
rlimit: STACK 8192k, CORE 0k, NPROC 709, NOFILE 10240, AS infinity
load average:2.01 1.81 1.80

CPU:total 4 (2 cores per cpu, 2 threads per core) family 6 model 61 stepping 4, cmov, cx8, fxsr, mmx, sse, sse2, sse3, ssse3, sse4.1, sse4.2, popcnt, avx, avx2, aes, clmul, erms, 3dnowpref, lzcnt, ht, tsc, tscinvbit, bmi1, bmi2, adx

Memory: 4k page, physical 8388608k(684768k free)

/proc/meminfo:


vm_info: Java HotSpot(TM) 64-Bit Server VM (25.77-b03) for bsd-amd64 JRE (1.8.0_77-b03), built on Mar 20 2016 22:14:03 by "java_re" with gcc 4.2.1 (Based on Apple Inc. build 5658) (LLVM build 2336.11.00)

time: Tue Nov 15 01:26:37 2016
elapsed time: 5 seconds (0d 0h 0m 5s)

