#
# A fatal error has been detected by the Java Runtime Environment:
#
#  SIGSEGV (0xb) at pc=0x000000015ae4a122, pid=2255, tid=65611
#
# JRE version: Java(TM) SE Runtime Environment (8.0_77-b03) (build 1.8.0_77-b03)
# Java VM: Java HotSpot(TM) 64-Bit Server VM (25.77-b03 mixed mode bsd-amd64 compressed oops)
# Problematic frame:
# C  [libbulletjme.dylib+0x208122]  btDiscreteDynamicsWorld::updateActions(float)+0x92
#
# Failed to write core dump. Core dumps have been disabled. To enable core dumping, try "ulimit -c unlimited" before starting Java again
#
# If you would like to submit a bug report, please visit:
#   http://bugreport.java.com/bugreport/crash.jsp
# The crash happened outside the Java Virtual Machine in native code.
# See problematic frame for where to report the bug.
#

---------------  T H R E A D  ---------------

Current thread (0x00007f9935a95000):  JavaThread "jME3 Main" [_thread_in_native, id=65611, stack(0x000070000c0e8000,0x000070000c1e8000)]

siginfo: si_signo: 11 (SIGSEGV), si_code: 1 (SEGV_MAPERR), si_addr: 0xffffffff00000011

Registers:
RAX=0x00007f9933d8c068, RBX=0x000000016cf37090, RCX=0x00007f9933fa5760, RDX=0xffffffff00000001
RSP=0x000070000c1e7320, RBP=0x000070000c1e7380, RSI=0x000070000c1e6880, RDI=0x000070000c1e6870
R8 =0x00007f9933fa48e0, R9 =0x00007f9939c85de0, R10=0x00000000fffffffe, R11=0x0000000000000020
R12=0x0000000000000000, R13=0x000000016cf37090, R14=0x000070000c1e75e0, R15=0x00007f9935a95000
RIP=0x000000015ae4a122, EFLAGS=0x0000000000010202, ERR=0x0000000000000004
  TRAPNO=0x000000000000000e

Top of Stack: (sp=0x000070000c1e7320)
0x000070000c1e7320:   000000015acfa370 00007f9933d8c068
0x000070000c1e7330:   0000000100000002 00007f9939c74450
0x000070000c1e7340:   00007f9939c74450 000000025ac99a89
0x000070000c1e7350:   000000013a0a9000 3c88888939c74570
0x000070000c1e7360:   00007f9939c74450 00007f9939c745d0
0x000070000c1e7370:   0000000139c74590 00007f9939c745d0
0x000070000c1e7380:   000070000c1e7400 000000015ae48322
0x000070000c1e7390:   000070000c1e7400 000000015ae47a01
0x000070000c1e73a0:   00007f9939c744e0 000000015ae4bc50
0x000070000c1e73b0:   00007f9939c744e0 3c88888939c26150
0x000070000c1e73c0:   0000000000000000 00007f9939c74480
0x000070000c1e73d0:   00007f9939c74450 00007f9939c74480
0x000070000c1e73e0:   00007f9939c26150 00007f9939c26150
0x000070000c1e73f0:   3c8888895b049ece 00007f9939c74450
0x000070000c1e7400:   000070000c1e7490 000000015ae4809a
0x000070000c1e7410:   00007f9935a95000 0000000100000006
0x000070000c1e7420:   0000700000000004 00007f9933e2cfd0
0x000070000c1e7430:   0000000000000000 0000000000000008
0x000070000c1e7440:   00007f9939c74450 0000000400000000
0x000070000c1e7450:   00000007c020fbf8 000000016cf37090
0x000070000c1e7460:   000070000c1e74b0 0000006000000005
0x000070000c1e7470:   3c8888890c1e7490 3fcd8e5000000004
0x000070000c1e7480:   00007f9939c74450 000000016cf37090
0x000070000c1e7490:   000070000c1e74c0 000000015ad4f647
0x000070000c1e74a0:   000000016cf37090 3c88888935a95000
0x000070000c1e74b0:   3fcd8e5000000004 00007f99398ad6b0
0x000070000c1e74c0:   000070000c1e7510 000000015ae2bcaa
0x000070000c1e74d0:   00007f9935a95000 000000016cf37090
0x000070000c1e74e0:   00007f99398ad6b0 3c8888896cf37090
0x000070000c1e74f0:   3fcd8e5000000004 00007f99398ad6b0
0x000070000c1e7500:   000070000c1e75e0 00007f9935a951f8
0x000070000c1e7510:   000070000c1e7598 0000000110697954 

Instructions: (pc=0x000000015ae4a122)
0x000000015ae4a102:   4d f4 48 8b 45 f8 48 63 55 f4 48 c1 e2 03 48 03
0x000000015ae4a112:   50 10 48 89 55 a8 48 8b 45 a8 48 8b 08 48 8b 11
0x000000015ae4a122:   48 8b 52 10 f3 0f 10 45 dc 48 89 cf 48 8b 75 b8
0x000000015ae4a132:   ff d2 e9 00 00 00 00 e9 00 00 00 00 8b 45 d4 83 

Register to memory mapping:

RAX=0x00007f9933d8c068 is an unknown value
RBX={method} {0x000000016cf37090} 'stepSimulation' '(JFIF)V' in 'com/jme3/bullet/PhysicsSpace'
RCX=0x00007f9933fa5760 is an unknown value
RDX=0xffffffff00000001 is an unknown value
RSP=0x000070000c1e7320 is pointing into the stack for thread: 0x00007f9935a95000
RBP=0x000070000c1e7380 is pointing into the stack for thread: 0x00007f9935a95000
RSI=0x000070000c1e6880 is pointing into the stack for thread: 0x00007f9935a95000
RDI=0x000070000c1e6870 is pointing into the stack for thread: 0x00007f9935a95000
R8 =0x00007f9933fa48e0 is an unknown value
R9 =0x00007f9939c85de0 is an unknown value
R10=0x00000000fffffffe is an unknown value
R11=0x0000000000000020 is an unknown value
R12=0x0000000000000000 is an unknown value
R13={method} {0x000000016cf37090} 'stepSimulation' '(JFIF)V' in 'com/jme3/bullet/PhysicsSpace'
R14=0x000070000c1e75e0 is pointing into the stack for thread: 0x00007f9935a95000
R15=0x00007f9935a95000 is a thread


Stack: [0x000070000c0e8000,0x000070000c1e8000],  sp=0x000070000c1e7320,  free space=1020k
Native frames: (J=compiled Java code, j=interpreted, Vv=VM code, C=native code)
C  [libbulletjme.dylib+0x208122]  btDiscreteDynamicsWorld::updateActions(float)+0x92
C  [libbulletjme.dylib+0x206322]  btDiscreteDynamicsWorld::internalSingleStepSimulation(float)+0x1b2
C  [libbulletjme.dylib+0x20609a]  btDiscreteDynamicsWorld::stepSimulation(float, int, float)+0x29a
C  [libbulletjme.dylib+0x10d647]  jmePhysicsSpace::stepSimulation(float, int, float)+0x37
C  [libbulletjme.dylib+0x1e9caa]  Java_com_jme3_bullet_PhysicsSpace_stepSimulation+0x7a
j  com.jme3.bullet.PhysicsSpace.stepSimulation(JFIF)V+0
j  com.jme3.bullet.PhysicsSpace.update(FI)V+11
j  com.jme3.bullet.PhysicsSpace.update(F)V+6
j  com.jme3.bullet.BulletAppState.render(Lcom/jme3/renderer/RenderManager;)V+70
j  com.jme3.app.state.AppStateManager.render(Lcom/jme3/renderer/RenderManager;)V+40
j  com.jme3.app.SimpleApplication.update()V+161
j  com.jme3.system.lwjgl.LwjglAbstractDisplay.runLoop()V+22
j  com.jme3.system.lwjgl.LwjglDisplay.runLoop()V+104
j  com.jme3.system.lwjgl.LwjglAbstractDisplay.run()V+136
j  java.lang.Thread.run()V+11
v  ~StubRoutines::call_stub
V  [libjvm.dylib+0x2ea39e]  JavaCalls::call_helper(JavaValue*, methodHandle*, JavaCallArguments*, Thread*)+0x6ae
V  [libjvm.dylib+0x2eab2c]  JavaCalls::call_virtual(JavaValue*, KlassHandle, Symbol*, Symbol*, JavaCallArguments*, Thread*)+0x164
V  [libjvm.dylib+0x2eacd8]  JavaCalls::call_virtual(JavaValue*, Handle, KlassHandle, Symbol*, Symbol*, Thread*)+0x4a
V  [libjvm.dylib+0x345255]  thread_entry(JavaThread*, Thread*)+0x7c
V  [libjvm.dylib+0x560e03]  JavaThread::thread_main_inner()+0x9b
V  [libjvm.dylib+0x5624fe]  JavaThread::run()+0x1c2
V  [libjvm.dylib+0x482eda]  java_start(Thread*)+0xf6
C  [libsystem_pthread.dylib+0x3abb]  _pthread_body+0xb4
C  [libsystem_pthread.dylib+0x3a07]  _pthread_body+0x0
C  [libsystem_pthread.dylib+0x3231]  thread_start+0xd
C  0x0000000000000000

Java frames: (J=compiled Java code, j=interpreted, Vv=VM code)
j  com.jme3.bullet.PhysicsSpace.stepSimulation(JFIF)V+0
j  com.jme3.bullet.PhysicsSpace.update(FI)V+11
j  com.jme3.bullet.PhysicsSpace.update(F)V+6
j  com.jme3.bullet.BulletAppState.render(Lcom/jme3/renderer/RenderManager;)V+70
j  com.jme3.app.state.AppStateManager.render(Lcom/jme3/renderer/RenderManager;)V+40
j  com.jme3.app.SimpleApplication.update()V+161
j  com.jme3.system.lwjgl.LwjglAbstractDisplay.runLoop()V+22
j  com.jme3.system.lwjgl.LwjglDisplay.runLoop()V+104
j  com.jme3.system.lwjgl.LwjglAbstractDisplay.run()V+136
j  java.lang.Thread.run()V+11
v  ~StubRoutines::call_stub

---------------  P R O C E S S  ---------------

Java Threads: ( => current thread )
  0x00007f9934d14800 JavaThread "jME3 Audio Decoder" daemon [_thread_blocked, id=126979, stack(0x000070000c26e000,0x000070000c36e000)]
  0x00007f993512c800 JavaThread "DestroyJavaVM" [_thread_blocked, id=6915, stack(0x000070000a814000,0x000070000a914000)]
=>0x00007f9935a95000 JavaThread "jME3 Main" [_thread_in_native, id=65611, stack(0x000070000c0e8000,0x000070000c1e8000)]
  0x00007f993420a800 JavaThread "TimerQueue" daemon [_thread_blocked, id=69155, stack(0x000070000bf62000,0x000070000c062000)]
  0x00007f9934a68800 JavaThread "Timer-0" daemon [_thread_blocked, id=58627, stack(0x000070000bcd9000,0x000070000bdd9000)]
  0x00007f9934a57800 JavaThread "Java2D Disposer" daemon [_thread_blocked, id=58127, stack(0x000070000bbd6000,0x000070000bcd6000)]
  0x00007f9934206000 JavaThread "Java2D Queue Flusher" daemon [_thread_blocked, id=54791, stack(0x000070000bad3000,0x000070000bbd3000)]
  0x00007f9934966000 JavaThread "AppKit Thread" daemon [_thread_in_native, id=2059, stack(0x00007fff52658000,0x00007fff52e58000)]
  0x00007f9934882800 JavaThread "Service Thread" daemon [_thread_blocked, id=18435, stack(0x000070000b4bb000,0x000070000b5bb000)]
  0x00007f993487a000 JavaThread "C1 CompilerThread2" daemon [_thread_blocked, id=17923, stack(0x000070000b3b8000,0x000070000b4b8000)]
  0x00007f9934875800 JavaThread "C2 CompilerThread1" daemon [_thread_blocked, id=17411, stack(0x000070000b2b5000,0x000070000b3b5000)]
  0x00007f9934878000 JavaThread "C2 CompilerThread0" daemon [_thread_blocked, id=16899, stack(0x000070000b1b2000,0x000070000b2b2000)]
  0x00007f9934874800 JavaThread "Signal Dispatcher" daemon [_thread_blocked, id=16387, stack(0x000070000b0af000,0x000070000b1af000)]
  0x00007f993483e800 JavaThread "Finalizer" daemon [_thread_blocked, id=12291, stack(0x000070000af29000,0x000070000b029000)]
  0x00007f993483c000 JavaThread "Reference Handler" daemon [_thread_blocked, id=11779, stack(0x000070000ae26000,0x000070000af26000)]

Other Threads:
  0x00007f9934837000 VMThread [stack: 0x000070000ad23000,0x000070000ae23000] [id=11267]
  0x00007f9934883800 WatcherThread [stack: 0x000070000b5be000,0x000070000b6be000] [id=18947]

VM state:not at safepoint (normal execution)

VM Mutex/Monitor currently owned by a thread: None

Heap:
 PSYoungGen      total 38400K, used 10512K [0x0000000795580000, 0x000000079a080000, 0x00000007c0000000)
  eden space 33280K, 16% used [0x0000000795580000,0x0000000795ac6818,0x0000000797600000)
  from space 5120K, 99% used [0x0000000797b00000,0x0000000797ffda10,0x0000000798000000)
  to   space 5120K, 0% used [0x0000000797600000,0x0000000797600000,0x0000000797b00000)
 ParOldGen       total 87552K, used 21396K [0x0000000740000000, 0x0000000745580000, 0x0000000795580000)
  object space 87552K, 24% used [0x0000000740000000,0x00000007414e5220,0x0000000745580000)
 Metaspace       used 19319K, capacity 19511K, committed 19840K, reserved 1067008K
  class space    used 2247K, capacity 2323K, committed 2432K, reserved 1048576K

Card table byte_map: [0x000000010eb4f000,0x000000010ef50000] byte_map_base: 0x000000010b14f000

Marking Bits: (ParMarkBitMap*) 0x000000010e0e3ea0
 Begin Bits: [0x000000011f682000, 0x0000000121682000)
 End Bits:   [0x0000000121682000, 0x0000000123682000)

Polling page: 0x000000010ce68000

CodeCache: size=245760Kb used=5736Kb max_used=5736Kb free=240023Kb
 bounds [0x0000000110682000, 0x0000000110c22000, 0x000000011f682000]
 total_blobs=2376 nmethods=1719 adapters=570
 compilation: enabled

Compilation events (10 events):
Event: 7.271 Thread 0x00007f993487a000 1727       3       java.nio.DirectFloatBufferU::put (157 bytes)
Event: 7.272 Thread 0x00007f993487a000 nmethod 1727 0x0000000110c1d6d0 code [0x0000000110c1d8e0, 0x0000000110c1e288]
Event: 7.272 Thread 0x00007f993487a000 1728       3       com.jme3.util.SafeArrayList::getArray (67 bytes)
Event: 7.273 Thread 0x00007f993487a000 nmethod 1728 0x0000000110c1e710 code [0x0000000110c1e900, 0x0000000110c1f378]
Event: 7.273 Thread 0x00007f993487a000 1729       3       com.jme3.math.Vector3f::set (26 bytes)
Event: 7.273 Thread 0x00007f993487a000 nmethod 1729 0x0000000110c1c210 code [0x0000000110c1c380, 0x0000000110c1c4f0]
Event: 7.273 Thread 0x00007f993487a000 1730       3       com.jme3.math.FastMath::abs (11 bytes)
Event: 7.273 Thread 0x00007f993487a000 nmethod 1730 0x0000000110c1be50 code [0x0000000110c1bfc0, 0x0000000110c1c170]
Event: 7.273 Thread 0x00007f993487a000 1731       3       java.lang.Throwable::<init> (39 bytes)
Event: 7.273 Thread 0x00007f993487a000 nmethod 1731 0x0000000110c1f6d0 code [0x0000000110c1f840, 0x0000000110c1fb68]

GC Heap History (4 events):
Event: 6.006 GC heap before
{Heap before GC invocations=1 (full 0):
 PSYoungGen      total 38400K, used 33280K [0x0000000795580000, 0x0000000798000000, 0x00000007c0000000)
  eden space 33280K, 100% used [0x0000000795580000,0x0000000797600000,0x0000000797600000)
  from space 5120K, 0% used [0x0000000797b00000,0x0000000797b00000,0x0000000798000000)
  to   space 5120K, 0% used [0x0000000797600000,0x0000000797600000,0x0000000797b00000)
 ParOldGen       total 87552K, used 0K [0x0000000740000000, 0x0000000745580000, 0x0000000795580000)
  object space 87552K, 0% used [0x0000000740000000,0x0000000740000000,0x0000000745580000)
 Metaspace       used 18750K, capacity 18937K, committed 19200K, reserved 1067008K
  class space    used 2195K, capacity 2286K, committed 2304K, reserved 1048576K
Event: 6.019 GC heap after
Heap after GC invocations=1 (full 0):
 PSYoungGen      total 38400K, used 5110K [0x0000000795580000, 0x0000000798000000, 0x00000007c0000000)
  eden space 33280K, 0% used [0x0000000795580000,0x0000000795580000,0x0000000797600000)
  from space 5120K, 99% used [0x0000000797600000,0x0000000797afda20,0x0000000797b00000)
  to   space 5120K, 0% used [0x0000000797b00000,0x0000000797b00000,0x0000000798000000)
 ParOldGen       total 87552K, used 3430K [0x0000000740000000, 0x0000000745580000, 0x0000000795580000)
  object space 87552K, 3% used [0x0000000740000000,0x0000000740359ad8,0x0000000745580000)
 Metaspace       used 18750K, capacity 18937K, committed 19200K, reserved 1067008K
  class space    used 2195K, capacity 2286K, committed 2304K, reserved 1048576K
}
Event: 6.167 GC heap before
{Heap before GC invocations=2 (full 0):
 PSYoungGen      total 38400K, used 38390K [0x0000000795580000, 0x0000000798000000, 0x00000007c0000000)
  eden space 33280K, 100% used [0x0000000795580000,0x0000000797600000,0x0000000797600000)
  from space 5120K, 99% used [0x0000000797600000,0x0000000797afda20,0x0000000797b00000)
  to   space 5120K, 0% used [0x0000000797b00000,0x0000000797b00000,0x0000000798000000)
 ParOldGen       total 87552K, used 3430K [0x0000000740000000, 0x0000000745580000, 0x0000000795580000)
  object space 87552K, 3% used [0x0000000740000000,0x0000000740359ad8,0x0000000745580000)
 Metaspace       used 19108K, capacity 19339K, committed 19712K, reserved 1067008K
  class space    used 2222K, capacity 2289K, committed 2304K, reserved 1048576K
Event: 6.180 GC heap after
Heap after GC invocations=2 (full 0):
 PSYoungGen      total 38400K, used 5110K [0x0000000795580000, 0x000000079a080000, 0x00000007c0000000)
  eden space 33280K, 0% used [0x0000000795580000,0x0000000795580000,0x0000000797600000)
  from space 5120K, 99% used [0x0000000797b00000,0x0000000797ffda10,0x0000000798000000)
  to   space 5120K, 0% used [0x0000000797600000,0x0000000797600000,0x0000000797b00000)
 ParOldGen       total 87552K, used 21396K [0x0000000740000000, 0x0000000745580000, 0x0000000795580000)
  object space 87552K, 24% used [0x0000000740000000,0x00000007414e5220,0x0000000745580000)
 Metaspace       used 19108K, capacity 19339K, committed 19712K, reserved 1067008K
  class space    used 2222K, capacity 2289K, committed 2304K, reserved 1048576K
}

Deoptimization events (10 events):
Event: 5.212 Thread 0x00007f993400d800 Uncommon trap: reason=unstable_if action=reinterpret pc=0x00000001109a6ddc method=java.lang.String.replace(CC)Ljava/lang/String; @ 26
Event: 5.217 Thread 0x00007f993400d800 Uncommon trap: reason=unstable_if action=reinterpret pc=0x0000000110900708 method=java.lang.String.toLowerCase(Ljava/util/Locale;)Ljava/lang/String; @ 22
Event: 5.808 Thread 0x00007f9935a95000 Uncommon trap: reason=bimorphic action=maybe_recompile pc=0x0000000110ac0b50 method=java.util.regex.Pattern$Start.match(Ljava/util/regex/Matcher;ILjava/lang/CharSequence;)Z @ 44
Event: 5.809 Thread 0x00007f9935a95000 Uncommon trap: reason=bimorphic action=maybe_recompile pc=0x0000000110ac0b50 method=java.util.regex.Pattern$Start.match(Ljava/util/regex/Matcher;ILjava/lang/CharSequence;)Z @ 44
Event: 5.809 Thread 0x00007f9935a95000 Uncommon trap: reason=bimorphic action=maybe_recompile pc=0x0000000110ac0b50 method=java.util.regex.Pattern$Start.match(Ljava/util/regex/Matcher;ILjava/lang/CharSequence;)Z @ 44
Event: 5.809 Thread 0x00007f9935a95000 Uncommon trap: reason=bimorphic action=maybe_recompile pc=0x0000000110ac0b50 method=java.util.regex.Pattern$Start.match(Ljava/util/regex/Matcher;ILjava/lang/CharSequence;)Z @ 44
Event: 5.928 Thread 0x00007f9935a95000 Uncommon trap: reason=unstable_if action=reinterpret pc=0x0000000110b26dfc method=com.sun.org.apache.xerces.internal.impl.XMLEntityScanner.skipSpaces()Z @ 75
Event: 5.997 Thread 0x00007f9935a95000 Uncommon trap: reason=unstable_if action=reinterpret pc=0x0000000110b26088 method=com.sun.org.apache.xerces.internal.impl.XMLEntityScanner.peekChar()I @ 14
Event: 6.033 Thread 0x00007f9935a95000 Uncommon trap: reason=unstable_if action=reinterpret pc=0x0000000110b9bdc8 method=com.sun.org.apache.xerces.internal.impl.XMLEntityScanner.scanContent(Lcom/sun/org/apache/xerces/internal/xni/XMLString;)I @ 385
Event: 6.078 Thread 0x00007f9935a95000 Uncommon trap: reason=unstable_if action=reinterpret pc=0x0000000110b9a5e4 method=sun.misc.FloatingDecimal$ASCIIToBinaryBuffer.floatValue()F @ 65

Internal exceptions (10 events):
Event: 5.576 Thread 0x00007f9935a95000 Exception <a 'java/security/PrivilegedActionException'> (0x0000000796c915b8) thrown at [/Users/java_re/workspace/8-2-build-macosx-x86_64/jdk8u77/6540/hotspot/src/share/vm/prims/jvm.cpp, line 1386]
Event: 5.576 Thread 0x00007f9935a95000 Exception <a 'org/lwjgl/LWJGLException': Could not load OpenAL library> (0x0000000796c93200) thrown at [/Users/java_re/workspace/8-2-build-macosx-x86_64/jdk8u77/6540/hotspot/src/share/vm/prims/jni.cpp, line 735]
Event: 5.576 Thread 0x00007f9935a95000 Exception <a 'org/lwjgl/LWJGLException': Could not load OpenAL library> (0x0000000796c938f0) thrown at [/Users/java_re/workspace/8-2-build-macosx-x86_64/jdk8u77/6540/hotspot/src/share/vm/prims/jni.cpp, line 735]
Event: 5.576 Thread 0x00007f9935a95000 Exception <a 'org/lwjgl/LWJGLException': Could not load OpenAL library> (0x0000000796c93e38) thrown at [/Users/java_re/workspace/8-2-build-macosx-x86_64/jdk8u77/6540/hotspot/src/share/vm/prims/jni.cpp, line 735]
Event: 5.576 Thread 0x00007f9935a95000 Exception <a 'org/lwjgl/LWJGLException': Could not load OpenAL library> (0x0000000796c94320) thrown at [/Users/java_re/workspace/8-2-build-macosx-x86_64/jdk8u77/6540/hotspot/src/share/vm/prims/jni.cpp, line 735]
Event: 5.576 Thread 0x00007f9935a95000 Exception <a 'org/lwjgl/LWJGLException': Could not load OpenAL library> (0x0000000796c94848) thrown at [/Users/java_re/workspace/8-2-build-macosx-x86_64/jdk8u77/6540/hotspot/src/share/vm/prims/jni.cpp, line 735]
Event: 5.577 Thread 0x00007f9935a95000 Exception <a 'org/lwjgl/LWJGLException': Could not load OpenAL library> (0x0000000796c94d68) thrown at [/Users/java_re/workspace/8-2-build-macosx-x86_64/jdk8u77/6540/hotspot/src/share/vm/prims/jni.cpp, line 735]
Event: 5.577 Thread 0x00007f9935a95000 Exception <a 'org/lwjgl/LWJGLException': Could not load OpenAL library> (0x0000000796c951f8) thrown at [/Users/java_re/workspace/8-2-build-macosx-x86_64/jdk8u77/6540/hotspot/src/share/vm/prims/jni.cpp, line 735]
Event: 5.577 Thread 0x00007f9935a95000 Exception <a 'org/lwjgl/LWJGLException': Could not load OpenAL library> (0x0000000796c95648) thrown at [/Users/java_re/workspace/8-2-build-macosx-x86_64/jdk8u77/6540/hotspot/src/share/vm/prims/jni.cpp, line 735]
Event: 5.577 Thread 0x00007f9935a95000 Exception <a 'org/lwjgl/LWJGLException': Could not load OpenAL library> (0x0000000796c95cf0) thrown at [/Users/java_re/workspace/8-2-build-macosx-x86_64/jdk8u77/6540/hotspot/src/share/vm/prims/jni.cpp, line 735]

Events (10 events):
Event: 7.272 loading class com/jme3/bounding/BoundingBox$1
Event: 7.272 loading class com/jme3/bounding/BoundingBox$1 done
Event: 7.272 loading class com/jme3/audio/ListenerParam
Event: 7.272 loading class com/jme3/audio/ListenerParam done
Event: 7.273 loading class com/jme3/audio/openal/ALAudioRenderer$1
Event: 7.273 loading class com/jme3/audio/openal/ALAudioRenderer$1 done
Event: 7.273 loading class com/jme3/audio/AudioParam
Event: 7.273 loading class com/jme3/audio/AudioParam done
Event: 7.273 loading class java/util/concurrent/ConcurrentLinkedQueue$Itr
Event: 7.274 loading class java/util/concurrent/ConcurrentLinkedQueue$Itr done


Dynamic libraries:
0x000000000fab2000 	/System/Library/Frameworks/Cocoa.framework/Versions/A/Cocoa
0x000000000fab2000 	/System/Library/Frameworks/Security.framework/Versions/A/Security
0x000000000fab2000 	/System/Library/Frameworks/ApplicationServices.framework/Versions/A/ApplicationServices
0x000000000fab2000 	/usr/lib/libz.1.dylib
0x000000000fab2000 	/usr/lib/libSystem.B.dylib
0x000000000fab2000 	/usr/lib/libobjc.A.dylib
0x000000000fab2000 	/System/Library/Frameworks/CoreFoundation.framework/Versions/A/CoreFoundation
0x000000000fab2000 	/System/Library/Frameworks/Foundation.framework/Versions/C/Foundation
0x000000000fab2000 	/System/Library/Frameworks/AppKit.framework/Versions/C/AppKit
0x000000000fab2000 	/System/Library/Frameworks/CoreData.framework/Versions/A/CoreData
0x000000000fab2000 	/System/Library/PrivateFrameworks/RemoteViewServices.framework/Versions/A/RemoteViewServices
0x000000000fab2000 	/System/Library/PrivateFrameworks/UIFoundation.framework/Versions/A/UIFoundation
0x000000000fab2000 	/usr/lib/libenergytrace.dylib
0x000000000fab2000 	/System/Library/PrivateFrameworks/SkyLight.framework/Versions/A/SkyLight
0x000000000fab2000 	/System/Library/Frameworks/CoreGraphics.framework/Versions/A/CoreGraphics
0x000000000fab2000 	/usr/lib/libScreenReader.dylib
0x000000000fab2000 	/System/Library/Frameworks/Accelerate.framework/Versions/A/Accelerate
0x000000000fab2000 	/System/Library/Frameworks/IOSurface.framework/Versions/A/IOSurface
0x000000000fab2000 	/System/Library/Frameworks/AudioToolbox.framework/Versions/A/AudioToolbox
0x000000000fab2000 	/System/Library/Frameworks/AudioUnit.framework/Versions/A/AudioUnit
0x000000000fab2000 	/System/Library/PrivateFrameworks/DataDetectorsCore.framework/Versions/A/DataDetectorsCore
0x000000000fab2000 	/System/Library/PrivateFrameworks/DesktopServicesPriv.framework/Versions/A/DesktopServicesPriv
0x000000000fab2000 	/System/Library/Frameworks/Carbon.framework/Versions/A/Frameworks/HIToolbox.framework/Versions/A/HIToolbox
0x000000000fab2000 	/usr/lib/libicucore.A.dylib
0x000000000fab2000 	/System/Library/Frameworks/QuartzCore.framework/Versions/A/QuartzCore
0x000000000fab2000 	/System/Library/Frameworks/Carbon.framework/Versions/A/Frameworks/SpeechRecognition.framework/Versions/A/SpeechRecognition
0x000000000fab2000 	/usr/lib/libauto.dylib
0x000000000fab2000 	/usr/lib/libxml2.2.dylib
0x000000000fab2000 	/System/Library/PrivateFrameworks/CoreUI.framework/Versions/A/CoreUI
0x000000000fab2000 	/System/Library/Frameworks/CoreAudio.framework/Versions/A/CoreAudio
0x000000000fab2000 	/System/Library/Frameworks/DiskArbitration.framework/Versions/A/DiskArbitration
0x000000000fab2000 	/usr/lib/liblangid.dylib
0x000000000fab2000 	/System/Library/PrivateFrameworks/MultitouchSupport.framework/Versions/A/MultitouchSupport
0x000000000fab2000 	/System/Library/Frameworks/IOKit.framework/Versions/A/IOKit
0x000000000fab2000 	/usr/lib/libDiagnosticMessagesClient.dylib
0x000000000fab2000 	/System/Library/Frameworks/CoreServices.framework/Versions/A/CoreServices
0x000000000fab2000 	/System/Library/PrivateFrameworks/PerformanceAnalysis.framework/Versions/A/PerformanceAnalysis
0x000000000fab2000 	/System/Library/PrivateFrameworks/GenerationalStorage.framework/Versions/A/GenerationalStorage
0x000000000fab2000 	/System/Library/Frameworks/OpenGL.framework/Versions/A/OpenGL
0x000000000fab2000 	/System/Library/Frameworks/CoreImage.framework/Versions/A/CoreImage
0x000000000fab2000 	/System/Library/Frameworks/CoreText.framework/Versions/A/CoreText
0x000000000fab2000 	/System/Library/Frameworks/ImageIO.framework/Versions/A/ImageIO
0x000000000fab2000 	/System/Library/PrivateFrameworks/Backup.framework/Versions/A/Backup
0x000000000fab2000 	/usr/lib/libarchive.2.dylib
0x000000000fab2000 	/System/Library/Frameworks/CFNetwork.framework/Versions/A/CFNetwork
0x000000000fab2000 	/System/Library/Frameworks/SystemConfiguration.framework/Versions/A/SystemConfiguration
0x000000000fab2000 	/usr/lib/libCRFSuite.dylib
0x000000000fab2000 	/usr/lib/libc++.1.dylib
0x000000000fab2000 	/usr/lib/libc++abi.dylib
0x000000000fab2000 	/usr/lib/system/libcache.dylib
0x000000000fab2000 	/usr/lib/system/libcommonCrypto.dylib
0x000000000fab2000 	/usr/lib/system/libcompiler_rt.dylib
0x000000000fab2000 	/usr/lib/system/libcopyfile.dylib
0x000000000fab2000 	/usr/lib/system/libcorecrypto.dylib
0x000000000fab2000 	/usr/lib/system/libdispatch.dylib
0x000000000fab2000 	/usr/lib/system/libdyld.dylib
0x000000000fab2000 	/usr/lib/system/libkeymgr.dylib
0x000000000fab2000 	/usr/lib/system/liblaunch.dylib
0x000000000fab2000 	/usr/lib/system/libmacho.dylib
0x000000000fab2000 	/usr/lib/system/libquarantine.dylib
0x000000000fab2000 	/usr/lib/system/libremovefile.dylib
0x000000000fab2000 	/usr/lib/system/libsystem_asl.dylib
0x000000000fab2000 	/usr/lib/system/libsystem_blocks.dylib
0x000000000fab2000 	/usr/lib/system/libsystem_c.dylib
0x000000000fab2000 	/usr/lib/system/libsystem_configuration.dylib
0x000000000fab2000 	/usr/lib/system/libsystem_coreservices.dylib
0x000000000fab2000 	/usr/lib/system/libsystem_coretls.dylib
0x000000000fab2000 	/usr/lib/system/libsystem_dnssd.dylib
0x000000000fab2000 	/usr/lib/system/libsystem_info.dylib
0x000000000fab2000 	/usr/lib/system/libsystem_kernel.dylib
0x000000000fab2000 	/usr/lib/system/libsystem_m.dylib
0x000000000fab2000 	/usr/lib/system/libsystem_malloc.dylib
0x000000000fab2000 	/usr/lib/system/libsystem_network.dylib
0x000000000fab2000 	/usr/lib/system/libsystem_networkextension.dylib
0x000000000fab2000 	/usr/lib/system/libsystem_notify.dylib
0x000000000fab2000 	/usr/lib/system/libsystem_platform.dylib
0x000000000fab2000 	/usr/lib/system/libsystem_pthread.dylib
0x000000000fab2000 	/usr/lib/system/libsystem_sandbox.dylib
0x000000000fab2000 	/usr/lib/system/libsystem_secinit.dylib
0x000000000fab2000 	/usr/lib/system/libsystem_symptoms.dylib
0x000000000fab2000 	/usr/lib/system/libsystem_trace.dylib
0x000000000fab2000 	/usr/lib/system/libunwind.dylib
0x000000000fab2000 	/usr/lib/system/libxpc.dylib
0x000000000fab2000 	/usr/lib/libbsm.0.dylib
0x000000000fab2000 	/usr/lib/system/libkxld.dylib
0x000000000fab2000 	/usr/lib/libcoretls.dylib
0x000000000fab2000 	/usr/lib/libcoretls_cfhelpers.dylib
0x000000000fab2000 	/usr/lib/libxar.1.dylib
0x000000000fab2000 	/usr/lib/libsqlite3.dylib
0x000000000fab2000 	/usr/lib/libpam.2.dylib
0x000000000fab2000 	/usr/lib/libOpenScriptingUtil.dylib
0x000000000fab2000 	/usr/lib/libbz2.1.0.dylib
0x000000000fab2000 	/usr/lib/liblzma.5.dylib
0x000000000fab2000 	/usr/lib/libnetwork.dylib
0x000000000fab2000 	/usr/lib/libpcap.A.dylib
0x000000000fab2000 	/System/Library/Frameworks/CoreServices.framework/Versions/A/Frameworks/FSEvents.framework/Versions/A/FSEvents
0x000000000fab2000 	/System/Library/Frameworks/CoreServices.framework/Versions/A/Frameworks/CarbonCore.framework/Versions/A/CarbonCore
0x000000000fab2000 	/System/Library/Frameworks/CoreServices.framework/Versions/A/Frameworks/Metadata.framework/Versions/A/Metadata
0x000000000fab2000 	/System/Library/Frameworks/CoreServices.framework/Versions/A/Frameworks/OSServices.framework/Versions/A/OSServices
0x000000000fab2000 	/System/Library/Frameworks/CoreServices.framework/Versions/A/Frameworks/SearchKit.framework/Versions/A/SearchKit
0x000000000fab2000 	/System/Library/Frameworks/CoreServices.framework/Versions/A/Frameworks/AE.framework/Versions/A/AE
0x000000000fab2000 	/System/Library/Frameworks/CoreServices.framework/Versions/A/Frameworks/LaunchServices.framework/Versions/A/LaunchServices
0x000000000fab2000 	/System/Library/Frameworks/CoreServices.framework/Versions/A/Frameworks/DictionaryServices.framework/Versions/A/DictionaryServices
0x000000000fab2000 	/System/Library/Frameworks/CoreServices.framework/Versions/A/Frameworks/SharedFileList.framework/Versions/A/SharedFileList
0x000000000fab2000 	/System/Library/Frameworks/NetFS.framework/Versions/A/NetFS
0x000000000fab2000 	/System/Library/PrivateFrameworks/NetAuth.framework/Versions/A/NetAuth
0x000000000fab2000 	/System/Library/PrivateFrameworks/login.framework/Versions/A/Frameworks/loginsupport.framework/Versions/A/loginsupport
0x000000000fab2000 	/System/Library/PrivateFrameworks/TCC.framework/Versions/A/TCC
0x000000000fab2000 	/usr/lib/libmecabra.dylib
0x000000000fab2000 	/System/Library/Frameworks/ApplicationServices.framework/Versions/A/Frameworks/ATS.framework/Versions/A/ATS
0x000000000fab2000 	/System/Library/Frameworks/ApplicationServices.framework/Versions/A/Frameworks/ColorSync.framework/Versions/A/ColorSync
0x000000000fab2000 	/System/Library/Frameworks/ApplicationServices.framework/Versions/A/Frameworks/HIServices.framework/Versions/A/HIServices
0x000000000fab2000 	/System/Library/Frameworks/ApplicationServices.framework/Versions/A/Frameworks/LangAnalysis.framework/Versions/A/LangAnalysis
0x000000000fab2000 	/System/Library/Frameworks/ApplicationServices.framework/Versions/A/Frameworks/PrintCore.framework/Versions/A/PrintCore
0x000000000fab2000 	/System/Library/Frameworks/ApplicationServices.framework/Versions/A/Frameworks/QD.framework/Versions/A/QD
0x000000000fab2000 	/System/Library/Frameworks/ApplicationServices.framework/Versions/A/Frameworks/SpeechSynthesis.framework/Versions/A/SpeechSynthesis
0x000000000fab2000 	/System/Library/Frameworks/Accelerate.framework/Versions/A/Frameworks/vImage.framework/Versions/A/vImage
0x000000000fab2000 	/System/Library/Frameworks/Accelerate.framework/Versions/A/Frameworks/vecLib.framework/Versions/A/vecLib
0x000000000fab2000 	/System/Library/Frameworks/Accelerate.framework/Versions/A/Frameworks/vecLib.framework/Versions/A/libvDSP.dylib
0x000000000fab2000 	/System/Library/Frameworks/Accelerate.framework/Versions/A/Frameworks/vecLib.framework/Versions/A/libBNNS.dylib
0x000000000fab2000 	/System/Library/Frameworks/Accelerate.framework/Versions/A/Frameworks/vecLib.framework/Versions/A/libQuadrature.dylib
0x000000000fab2000 	/System/Library/Frameworks/Accelerate.framework/Versions/A/Frameworks/vecLib.framework/Versions/A/libvMisc.dylib
0x000000000fab2000 	/System/Library/Frameworks/Accelerate.framework/Versions/A/Frameworks/vecLib.framework/Versions/A/libLAPACK.dylib
0x000000000fab2000 	/System/Library/Frameworks/Accelerate.framework/Versions/A/Frameworks/vecLib.framework/Versions/A/libBLAS.dylib
0x000000000fab2000 	/System/Library/Frameworks/Accelerate.framework/Versions/A/Frameworks/vecLib.framework/Versions/A/libLinearAlgebra.dylib
0x000000000fab2000 	/System/Library/Frameworks/Accelerate.framework/Versions/A/Frameworks/vecLib.framework/Versions/A/libSparseBLAS.dylib
0x000000000fab2000 	/System/Library/Frameworks/ApplicationServices.framework/Versions/A/Frameworks/ATS.framework/Versions/A/Resources/libFontParser.dylib
0x000000000fab2000 	/System/Library/Frameworks/ApplicationServices.framework/Versions/A/Frameworks/ATS.framework/Versions/A/Resources/libFontRegistry.dylib
0x000000000fab2000 	/System/Library/Frameworks/ImageIO.framework/Versions/A/Resources/libJPEG.dylib
0x000000000fab2000 	/System/Library/Frameworks/ImageIO.framework/Versions/A/Resources/libTIFF.dylib
0x000000000fab2000 	/System/Library/Frameworks/ImageIO.framework/Versions/A/Resources/libPng.dylib
0x000000000fab2000 	/System/Library/Frameworks/ImageIO.framework/Versions/A/Resources/libGIF.dylib
0x000000000fab2000 	/System/Library/Frameworks/ImageIO.framework/Versions/A/Resources/libJP2.dylib
0x000000000fab2000 	/System/Library/Frameworks/ImageIO.framework/Versions/A/Resources/libRadiance.dylib
0x000000000fab2000 	/usr/lib/libcompression.dylib
0x000000000fab2000 	/System/Library/PrivateFrameworks/AppleJPEG.framework/Versions/A/AppleJPEG
0x000000000fab2000 	/usr/lib/libcups.2.dylib
0x000000000fab2000 	/System/Library/Frameworks/Kerberos.framework/Versions/A/Kerberos
0x000000000fab2000 	/System/Library/Frameworks/GSS.framework/Versions/A/GSS
0x000000000fab2000 	/usr/lib/libresolv.9.dylib
0x000000000fab2000 	/usr/lib/libiconv.2.dylib
0x000000000fab2000 	/System/Library/PrivateFrameworks/Heimdal.framework/Versions/A/Heimdal
0x000000000fab2000 	/usr/lib/libheimdal-asn1.dylib
0x000000000fab2000 	/System/Library/Frameworks/OpenDirectory.framework/Versions/A/OpenDirectory
0x000000000fab2000 	/System/Library/PrivateFrameworks/CommonAuth.framework/Versions/A/CommonAuth
0x000000000fab2000 	/System/Library/Frameworks/OpenDirectory.framework/Versions/A/Frameworks/CFOpenDirectory.framework/Versions/A/CFOpenDirectory
0x000000000fab2000 	/System/Library/Frameworks/SecurityFoundation.framework/Versions/A/SecurityFoundation
0x000000000fab2000 	/System/Library/PrivateFrameworks/LanguageModeling.framework/Versions/A/LanguageModeling
0x000000000fab2000 	/usr/lib/libmarisa.dylib
0x000000000fab2000 	/usr/lib/libChineseTokenizer.dylib
0x000000000fab2000 	/usr/lib/libcmph.dylib
0x000000000fab2000 	/System/Library/PrivateFrameworks/CoreEmoji.framework/Versions/A/CoreEmoji
0x000000000fab2000 	/System/Library/Frameworks/ServiceManagement.framework/Versions/A/ServiceManagement
0x000000000fab2000 	/usr/lib/libxslt.1.dylib
0x000000000fab2000 	/System/Library/Frameworks/Carbon.framework/Versions/A/Frameworks/Ink.framework/Versions/A/Ink
0x000000000fab2000 	/System/Library/PrivateFrameworks/TextureIO.framework/Versions/A/TextureIO
0x000000000fab2000 	/System/Library/Frameworks/Metal.framework/Versions/A/Metal
0x000000000fab2000 	/usr/lib/libate.dylib
0x000000000fab2000 	/System/Library/PrivateFrameworks/GPUCompiler.framework/libmetal_timestamp.dylib
0x000000000fab2000 	/System/Library/Frameworks/OpenGL.framework/Versions/A/Libraries/libCoreFSCache.dylib
0x000000000fab2000 	/System/Library/PrivateFrameworks/IOAccelerator.framework/Versions/A/IOAccelerator
0x000000000fab2000 	/System/Library/Frameworks/CoreVideo.framework/Versions/A/CoreVideo
0x000000000fab2000 	/usr/lib/libFosl_dynamic.dylib
0x000000000fab2000 	/System/Library/PrivateFrameworks/MetalPerformanceShaders.framework/Versions/A/MetalPerformanceShaders
0x000000000fab2000 	/System/Library/PrivateFrameworks/FaceCore.framework/Versions/A/FaceCore
0x000000000fab2000 	/System/Library/Frameworks/OpenCL.framework/Versions/A/OpenCL
0x000000000fab2000 	/System/Library/Frameworks/OpenGL.framework/Versions/A/Libraries/libGLU.dylib
0x000000000fab2000 	/System/Library/Frameworks/OpenGL.framework/Versions/A/Libraries/libGFXShared.dylib
0x000000000fab2000 	/System/Library/Frameworks/OpenGL.framework/Versions/A/Libraries/libGL.dylib
0x000000000fab2000 	/System/Library/Frameworks/OpenGL.framework/Versions/A/Libraries/libGLImage.dylib
0x000000000fab2000 	/System/Library/Frameworks/OpenGL.framework/Versions/A/Libraries/libCVMSPluginSupport.dylib
0x000000000fab2000 	/System/Library/Frameworks/OpenGL.framework/Versions/A/Libraries/libCoreVMClient.dylib
0x000000000fab2000 	/System/Library/PrivateFrameworks/CrashReporterSupport.framework/Versions/A/CrashReporterSupport
0x000000000fab2000 	/System/Library/PrivateFrameworks/Sharing.framework/Versions/A/Sharing
0x000000000fab2000 	/System/Library/PrivateFrameworks/IconServices.framework/Versions/A/IconServices
0x000000000fab2000 	/System/Library/PrivateFrameworks/ProtocolBuffer.framework/Versions/A/ProtocolBuffer
0x000000000fab2000 	/System/Library/PrivateFrameworks/Apple80211.framework/Versions/A/Apple80211
0x000000000fab2000 	/System/Library/Frameworks/CoreWLAN.framework/Versions/A/CoreWLAN
0x000000000fab2000 	/System/Library/PrivateFrameworks/CoreUtils.framework/Versions/A/CoreUtils
0x000000000fab2000 	/System/Library/Frameworks/IOBluetooth.framework/Versions/A/IOBluetooth
0x000000000fab2000 	/System/Library/PrivateFrameworks/CoreWiFi.framework/Versions/A/CoreWiFi
0x000000000fab2000 	/System/Library/Frameworks/CoreBluetooth.framework/Versions/A/CoreBluetooth
0x000000000fab2000 	/System/Library/Frameworks/CoreDisplay.framework/Versions/A/CoreDisplay
0x000000000fab2000 	/System/Library/PrivateFrameworks/IOPresentment.framework/Versions/A/IOPresentment
0x000000000fab2000 	/System/Library/PrivateFrameworks/DebugSymbols.framework/Versions/A/DebugSymbols
0x000000000fab2000 	/System/Library/PrivateFrameworks/CoreSymbolication.framework/Versions/A/CoreSymbolication
0x000000000fab2000 	/System/Library/PrivateFrameworks/Symbolication.framework/Versions/A/Symbolication
0x000000000fab2000 	/System/Library/PrivateFrameworks/AppleFSCompression.framework/Versions/A/AppleFSCompression
0x000000000fab2000 	/System/Library/PrivateFrameworks/SpeechRecognitionCore.framework/Versions/A/SpeechRecognitionCore
0x000000000fab2000 	/System/Library/PrivateFrameworks/ChunkingLibrary.framework/Versions/A/ChunkingLibrary
0x000000010d800000 	/Applications/jmonkeyplatform.app/Contents/Resources/jmonkeyplatform/jdk/jre/lib/server/libjvm.dylib
0x000000000fab2000 	/usr/lib/libstdc++.6.dylib
0x000000010ce25000 	/Applications/jmonkeyplatform.app/Contents/Resources/jmonkeyplatform/jdk/jre/lib/libverify.dylib
0x000000010ce33000 	/Applications/jmonkeyplatform.app/Contents/Resources/jmonkeyplatform/jdk/jre/lib/libjava.dylib
0x000000010ce72000 	/Applications/jmonkeyplatform.app/Contents/Resources/jmonkeyplatform/jdk/jre/lib/libzip.dylib
0x0000000124022000 	/System/Library/Frameworks/JavaVM.framework/Frameworks/JavaRuntimeSupport.framework/JavaRuntimeSupport
0x00000001105df000 	/System/Library/Frameworks/JavaVM.framework/Versions/A/Frameworks/JavaNativeFoundation.framework/Versions/A/JavaNativeFoundation
0x000000010cfee000 	/System/Library/Frameworks/JavaVM.framework/Versions/A/JavaVM
0x000000000fab2000 	/System/Library/Frameworks/Carbon.framework/Versions/A/Carbon
0x000000012403c000 	/System/Library/PrivateFrameworks/JavaLaunching.framework/Versions/A/JavaLaunching
0x000000000fab2000 	/System/Library/Frameworks/Carbon.framework/Versions/A/Frameworks/CommonPanels.framework/Versions/A/CommonPanels
0x000000000fab2000 	/System/Library/Frameworks/Carbon.framework/Versions/A/Frameworks/Help.framework/Versions/A/Help
0x000000000fab2000 	/System/Library/Frameworks/Carbon.framework/Versions/A/Frameworks/ImageCapture.framework/Versions/A/ImageCapture
0x000000000fab2000 	/System/Library/Frameworks/Carbon.framework/Versions/A/Frameworks/OpenScripting.framework/Versions/A/OpenScripting
0x000000000fab2000 	/System/Library/Frameworks/Carbon.framework/Versions/A/Frameworks/Print.framework/Versions/A/Print
0x000000000fab2000 	/System/Library/Frameworks/Carbon.framework/Versions/A/Frameworks/SecurityHI.framework/Versions/A/SecurityHI
0x0000000125992000 	/Applications/jmonkeyplatform.app/Contents/Resources/jmonkeyplatform/jdk/jre/lib/libawt.dylib
0x0000000125a3a000 	/Applications/jmonkeyplatform.app/Contents/Resources/jmonkeyplatform/jdk/jre/lib/./libmlib_image.dylib
0x0000000125b06000 	/Applications/jmonkeyplatform.app/Contents/Resources/jmonkeyplatform/jdk/jre/lib/libawt_lwawt.dylib
0x0000000125bbb000 	/Applications/jmonkeyplatform.app/Contents/Resources/jmonkeyplatform/jdk/jre/lib/./libosxapp.dylib
0x000000000fab2000 	/System/Library/Frameworks/ExceptionHandling.framework/Versions/A/ExceptionHandling
0x000000000fab2000 	/System/Library/PrivateFrameworks/CoreServicesInternal.framework/Versions/A/CoreServicesInternal
0x000000000fab2000 	/System/Library/CoreServices/RawCamera.bundle/Contents/MacOS/RawCamera
0x000000000fab2000 	/System/Library/Frameworks/Accelerate.framework/Versions/A/Frameworks/vImage.framework/Versions/A/Libraries/libCGInterfaces.dylib
0x000000000fab2000 	/System/Library/Frameworks/ApplicationServices.framework/Versions/A/Frameworks/ATS.framework/Versions/A/Resources/libTrueTypeScaler.dylib
0x000000000fab2000 	/System/Library/Frameworks/OpenGL.framework/Versions/A/Resources/GLEngine.bundle/GLEngine
0x000000000fab2000 	/System/Library/Frameworks/OpenGL.framework/Versions/A/Libraries/libGLProgrammability.dylib
0x00000001275fe000 	/System/Library/Extensions/AppleIntelBDWGraphicsGLDriver.bundle/Contents/MacOS/AppleIntelBDWGraphicsGLDriver
0x000000000fab2000 	/System/Library/PrivateFrameworks/GPUSupport.framework/Versions/A/Libraries/libGPUSupportMercury.dylib
0x000000000fab2000 	/System/Library/Frameworks/OpenGL.framework/Versions/A/Resources/GLRendererFloat.bundle/GLRendererFloat
0x000000000fab2000 	/System/Library/Frameworks/OpenCL.framework/Versions/A/Libraries/libcldcpuengine.dylib
0x000000000fab2000 	/usr/lib/libcrypto.0.9.8.dylib
0x000000000fab2000 	/System/Library/PrivateFrameworks/TrustEvaluationAgent.framework/Versions/A/TrustEvaluationAgent
0x0000000127d78000 	/System/Library/Extensions/AppleIntelBDWGraphicsMTLDriver.bundle/Contents/MacOS/AppleIntelBDWGraphicsMTLDriver
0x000000000fab2000 	/System/Library/PrivateFrameworks/FamilyControls.framework/Versions/A/FamilyControls
0x000000000fab2000 	/System/Library/PrivateFrameworks/CommerceKit.framework/Versions/A/Frameworks/CommerceCore.framework/Versions/A/CommerceCore
0x000000000fab2000 	/System/Library/PrivateFrameworks/SystemAdministration.framework/Versions/A/SystemAdministration
0x000000000fab2000 	/System/Library/PrivateFrameworks/AppContainer.framework/Versions/A/AppContainer
0x000000000fab2000 	/System/Library/PrivateFrameworks/SecCodeWrapper.framework/Versions/A/SecCodeWrapper
0x000000000fab2000 	/System/Library/Frameworks/DirectoryService.framework/Versions/A/DirectoryService
0x000000000fab2000 	/System/Library/PrivateFrameworks/DiskImages.framework/Versions/A/DiskImages
0x000000000fab2000 	/System/Library/PrivateFrameworks/LoginUIKit.framework/Versions/A/Frameworks/LoginUICore.framework/Versions/A/LoginUICore
0x000000000fab2000 	/usr/lib/libCoreStorage.dylib
0x000000000fab2000 	/usr/lib/libcsfde.dylib
0x000000000fab2000 	/usr/lib/libodfde.dylib
0x000000000fab2000 	/System/Library/Frameworks/DiscRecording.framework/Versions/A/DiscRecording
0x000000000fab2000 	/usr/lib/libcurl.4.dylib
0x000000000fab2000 	/System/Library/PrivateFrameworks/MediaKit.framework/Versions/A/MediaKit
0x000000000fab2000 	/System/Library/PrivateFrameworks/ProtectedCloudStorage.framework/Versions/A/ProtectedCloudStorage
0x000000000fab2000 	/System/Library/PrivateFrameworks/EFILogin.framework/Versions/A/EFILogin
0x000000000fab2000 	/usr/lib/libutil.dylib
0x000000000fab2000 	/System/Library/Frameworks/LDAP.framework/Versions/A/LDAP
0x000000000fab2000 	/usr/lib/libsasl2.2.dylib
0x000000000fab2000 	/System/Library/PrivateFrameworks/CoreDaemon.framework/Versions/B/CoreDaemon
0x000000000fab2000 	/System/Library/PrivateFrameworks/AppleSRP.framework/Versions/A/AppleSRP
0x000000000fab2000 	/System/Library/PrivateFrameworks/APFS.framework/Versions/A/APFS
0x00000001291d6000 	/Applications/jmonkeyplatform.app/Contents/Resources/jmonkeyplatform/jdk/jre/lib/libfontmanager.dylib
0x0000000129a5c000 	/Applications/jmonkeyplatform.app/Contents/Resources/jmonkeyplatform/jdk/jre/lib/libosxui.dylib
0x000000012a504000 	/Applications/jmonkeyplatform.app/Contents/Resources/jmonkeyplatform/jdk/jre/lib/libosx.dylib
0x000000000fab2000 	/System/Library/PrivateFrameworks/ViewBridge.framework/Versions/A/ViewBridge
0x000000000fab2000 	/System/Library/PrivateFrameworks/XPCService.framework/Versions/A/XPCService
0x000000000fab2000 	/System/Library/PrivateFrameworks/AppSandbox.framework/Versions/A/AppSandbox
0x000000000fab2000 	/usr/lib/libsandbox.1.dylib
0x000000000fab2000 	/usr/lib/libMatch.1.dylib
0x000000012c0f3000 	/Applications/jmonkeyplatform.app/Contents/Resources/jmonkeyplatform/jdk/jre/lib/libnet.dylib
0x000000012c10a000 	/Applications/jmonkeyplatform.app/Contents/Resources/jmonkeyplatform/jdk/jre/lib/libnio.dylib
0x000000015ac42000 	/Users/EOF-1/Documents/IIITB Courses/Semester 3/Java/Java Project/3D-Racing-Game/libbulletjme.dylib
0x000000012a96e000 	/Users/EOF-1/Documents/IIITB Courses/Semester 3/Java/Java Project/3D-Racing-Game/libopenal.dylib
0x000000012a9ca000 	/Users/EOF-1/Documents/IIITB Courses/Semester 3/Java/Java Project/3D-Racing-Game/liblwjgl.dylib
0x0000000127efd000 	/Applications/jmonkeyplatform.app/Contents/Resources/jmonkeyplatform/jdk/jre/lib/libjawt.dylib
0x000000000fab2000 	/System/Library/Frameworks/OpenAL.framework/Versions/A/OpenAL
0x000000016d01b000 	/System/Library/Components/CoreAudio.component/Contents/MacOS/CoreAudio
0x000000012a823000 	/System/Library/Extensions/AppleHDA.kext/Contents/PlugIns/AppleHDAHALPlugIn.bundle/Contents/MacOS/AppleHDAHALPlugIn
0x000000012a86f000 	/Applications/jmonkeyplatform.app/Contents/Resources/jmonkeyplatform/jdk/jre/lib/libjpeg.dylib
0x000000016da3f000 	/Applications/jmonkeyplatform.app/Contents/Resources/jmonkeyplatform/jdk/jre/lib/liblcms.dylib

VM Arguments:
jvm_args: -Dfile.encoding=UTF-8 
java_command: mygame.Main
java_class_path (initial): /Applications/jmonkeyplatform.app/Contents/Resources/jmonkeyplatform/jmonkeyplatform/libs/jme3-jogg-3.1.0-3.1-beta1-b002-SNAPSHOT-SNAPSHOT.jar:/Applications/jmonkeyplatform.app/Contents/Resources/jmonkeyplatform/jmonkeyplatform/libs/j-ogg-all-1.0.0.jar:/Applications/jmonkeyplatform.app/Contents/Resources/jmonkeyplatform/jmonkeyplatform/libs/jme3-networking-3.1.0-3.1-beta1-b002-SNAPSHOT-SNAPSHOT.jar:/Applications/jmonkeyplatform.app/Contents/Resources/jmonkeyplatform/jmonkeyplatform/libs/jme3-plugins-3.1.0-beta1.jar:/Applications/jmonkeyplatform.app/Contents/Resources/jmonkeyplatform/jmonkeyplatform/libs/jme3-core-3.1.0-beta1.jar:/Applications/jmonkeyplatform.app/Contents/Resources/jmonkeyplatform/jmonkeyplatform/libs/jme3-desktop-3.1.0-beta1.jar:/Applications/jmonkeyplatform.app/Contents/Resources/jmonkeyplatform/jmonkeyplatform/libs/jme3-lwjgl-3.1.0-beta1.jar:/Applications/jmonkeyplatform.app/Contents/Resources/jmonkeyplatform/jmonkeyplatform/libs/lwjgl-platform-2.9.3-natives-linux.jar:/Applications/jmonkeyplatform.app/Contents/Resources/jmonkeyplatform/jmonkeyplatform/libs/lwjgl-platform-2.9.3-natives-osx.jar:/Applications/jmonkeyplatform.app/Contents/Resources/jmonkeyplatform/jmonkeyplatform/libs/lwjgl-platform-2.9.3-natives-windows.jar:/Applications/jmonkeyplatform.app/Contents/Resources/jmonkeyplatform/jmonkeyplatform/libs/jutils-1.0.0.jar:/Applications/jmonkeyplatform.app/Contents/Resources/jmonkeyplatform/jmonkeyplatform/libs/jinput-2.0.5.jar:/Applications/jmonkeyplatform.app/Contents/Resources/jmonkeyplatform/jmonkeyplatform/libs/lwjgl-2.9.3.jar:/Applications/jmonkeyplatform.app/Contents/Resources/jmonkeyplatform/jmonkeyplatform/libs/jinput-platform-2.0.5-natives-linux.jar:/Applications/jmonkeyplatform.app/Contents/Resources/jmonkeyplatform/jmonkeyplatform/libs/jinput-platform-2.0.5-natives-osx.jar:/Applications/jmonkeyplatform.app/Contents/Resources/jmonkeyplatform/jmonkeyplatform/libs/jinput-platform-2.0.5-natives-windows.jar:/
Launcher Type: SUN_STANDARD

Environment Variables:
PATH=/usr/bin:/bin:/usr/sbin:/sbin
LD_LIBRARY_PATH=/Applications/jmonkeyplatform.app/Contents/MacOS/../Resources/jmonkeyplatform/bin/../jdk/jre/lib/amd64:/Applications/jmonkeyplatform.app/Contents/MacOS/../Resources/jmonkeyplatform/bin/../jdk/jre/lib/i386:
SHELL=/bin/bash
DISPLAY=/private/tmp/com.apple.launchd.3vB9JNkxQN/org.macosforge.xquartz:0

Signal Handlers:
SIGSEGV: [libjvm.dylib+0x5a6855], sa_mask[0]=11111111011111110111111111111111, sa_flags=SA_ONSTACK|SA_RESTART|SA_SIGINFO
SIGBUS: [libjvm.dylib+0x5a6855], sa_mask[0]=11111111011111110111111111111111, sa_flags=SA_RESTART|SA_SIGINFO
SIGFPE: [libjvm.dylib+0x4804ec], sa_mask[0]=11111111011111110111111111111111, sa_flags=SA_RESTART|SA_SIGINFO
SIGPIPE: [libjvm.dylib+0x4804ec], sa_mask[0]=11111111011111110111111111111111, sa_flags=SA_RESTART|SA_SIGINFO
SIGXFSZ: [libjvm.dylib+0x4804ec], sa_mask[0]=11111111011111110111111111111111, sa_flags=SA_RESTART|SA_SIGINFO
SIGILL: [libjvm.dylib+0x4804ec], sa_mask[0]=11111111011111110111111111111111, sa_flags=SA_RESTART|SA_SIGINFO
SIGUSR1: SIG_DFL, sa_mask[0]=00000000000000000000000000000000, sa_flags=none
SIGUSR2: [libjvm.dylib+0x48000a], sa_mask[0]=00100000000000000000000000000000, sa_flags=SA_RESTART|SA_SIGINFO
SIGHUP: [libjvm.dylib+0x47e5e1], sa_mask[0]=11111111011111110111111111111111, sa_flags=SA_RESTART|SA_SIGINFO
SIGINT: SIG_IGN, sa_mask[0]=00000000000000000000000000000000, sa_flags=none
SIGTERM: [libjvm.dylib+0x47e5e1], sa_mask[0]=11111111011111110111111111111111, sa_flags=SA_RESTART|SA_SIGINFO
SIGQUIT: [libjvm.dylib+0x47e5e1], sa_mask[0]=11111111011111110111111111111111, sa_flags=SA_RESTART|SA_SIGINFO


---------------  S Y S T E M  ---------------

OS:Bsduname:Darwin 16.0.0 Darwin Kernel Version 16.0.0: Mon Aug 29 17:56:20 PDT 2016; root:xnu-3789.1.32~3/RELEASE_X86_64 x86_64
rlimit: STACK 8192k, CORE 0k, NPROC 709, NOFILE 10240, AS infinity
load average:2.08 2.17 2.19

CPU:total 4 (2 cores per cpu, 2 threads per core) family 6 model 61 stepping 4, cmov, cx8, fxsr, mmx, sse, sse2, sse3, ssse3, sse4.1, sse4.2, popcnt, avx, avx2, aes, clmul, erms, 3dnowpref, lzcnt, ht, tsc, tscinvbit, bmi1, bmi2, adx

Memory: 4k page, physical 8388608k(464188k free)

/proc/meminfo:


vm_info: Java HotSpot(TM) 64-Bit Server VM (25.77-b03) for bsd-amd64 JRE (1.8.0_77-b03), built on Mar 20 2016 22:14:03 by "java_re" with gcc 4.2.1 (Based on Apple Inc. build 5658) (LLVM build 2336.11.00)

time: Tue Nov 15 15:53:47 2016
elapsed time: 7 seconds (0d 0h 0m 7s)

