#
# A fatal error has been detected by the Java Runtime Environment:
#
#  SIGSEGV (0xb) at pc=0x00007fffe8c86e43, pid=8442, tid=125647
#
# JRE version: Java(TM) SE Runtime Environment (8.0_77-b03) (build 1.8.0_77-b03)
# Java VM: Java HotSpot(TM) 64-Bit Server VM (25.77-b03 mixed mode bsd-amd64 compressed oops)
# Problematic frame:
# C  [libobjc.A.dylib+0x9e43]  (anonymous namespace)::AutoreleasePoolPage::pop(void*)+0x2c3
#
# Failed to write core dump. Core dumps have been disabled. To enable core dumping, try "ulimit -c unlimited" before starting Java again
#
# If you would like to submit a bug report, please visit:
#   http://bugreport.java.com/bugreport/crash.jsp
# The crash happened outside the Java Virtual Machine in native code.
# See problematic frame for where to report the bug.
#

---------------  T H R E A D  ---------------

Current thread (0x00007feaed9a0000):  JavaThread "jME3 Main" [_thread_in_native, id=125647, stack(0x0000700001f0f000,0x000070000200f000)]

siginfo: si_signo: 11 (SIGSEGV), si_code: 1 (SEGV_MAPERR), si_addr: 0x0000000000000010

Registers:
RAX=0x00007ffff21b54e3, RBX=0x0000000000000000, RCX=0x0000000000000000, RDX=0x000000000003c2c0
RSP=0x000070000200e140, RBP=0x000070000200e580, RSI=0x00007fffd2cfdf91, RDI=0x00007feaee33d038
R8 =0x000000000000000c, R9 =0x0000000000000000, R10=0x00007fffef1290e8, R11=0x00007feaec612730
R12=0x0000000000000000, R13=0xa3a3a3a3a3a3a3a3, R14=0x00007feaee33d038, R15=0x00007feaee33d000
RIP=0x00007fffe8c86e43, EFLAGS=0x0000000000010246, ERR=0x0000000000000004
  TRAPNO=0x000000000000000e

Top of Stack: (sp=0x000070000200e140)
0x000070000200e140:   000070000200e290 00007fffd451d810
0x000070000200e150:   0000000100000000 0000000106f65800
0x000070000200e160:   0000001800000013 0000000000000c03
0x000070000200e170:   000000000200e258 00007feaed9a0000
0x000070000200e180:   000070000200e240 0000000107aea60a
0x000070000200e190:   0000000000000001 00007feaed9a0000
0x000070000200e1a0:   000070000200e1c0 000000011c9596d0
0x000070000200e1b0:   0000000000001e00 00000007c0002368
0x000070000200e1c0:   00000007c0002368 00007ffff22653c0
0x000070000200e1d0:   0000000106f65800 00007feaec7a4fc0
0x000070000200e1e0:   0000000000000007 000070000200e230
0x000070000200e1f0:   00007ffff22653c0 00007feaec40d780
0x000070000200e200:   c548d1e2370200ea 0000000000000001
0x000070000200e210:   00007ffff22653c0 00007feaec6bbff0
0x000070000200e220:   0000000000000000 0000000000000008
0x000070000200e230:   0000000000000001 00007fffeec8ade0
0x000070000200e240:   000070000200e290 0000000000000003
0x000070000200e250:   000070000200e2e0 00007fffe97084fc
0x000070000200e260:   0000000000000000 00007fffeec8ade0
0x000070000200e270:   000070000200e280 00007feaec6fc080
0x000070000200e280:   00007feaec649180 00007feaec6491b0
0x000070000200e290:   0000000000000003 00000003d5f3c950
0x000070000200e2a0:   0000000000000030 0000000106f65800
0x000070000200e2b0:   00007feaec600000 0000000000000003
0x000070000200e2c0:   0000000106f65800 0000000000000009
0x000070000200e2d0:   0000000106f60000 00007feaec600000
0x000070000200e2e0:   000070000200e350 00007fffe97090f3
0x000070000200e2f0:   00007ffff21b4e00 ffff801513943fa0
0x000070000200e300:   0000000106f60000 00007fffe96f2edc
0x000070000200e310:   0000000106f63a00 00007feaec649180
0x000070000200e320:   00007feaec600003 00007feaec6bc060
0x000070000200e330:   00007feaec6bc0e8 00007ffff21b4e08 

Instructions: (pc=0x00007fffe8c86e43)
0x00007fffe8c86e23:   a1 a1 a1 74 0d be 01 00 00 00 4c 89 e7 e8 f5 6f
0x00007fffe8c86e33:   01 00 4c 89 e3 eb 09 65 48 89 1c 25 58 01 00 00
0x00007fffe8c86e43:   48 8b 43 10 48 8d 4b 38 48 39 c8 75 20 48 8b 5b
0x00007fffe8c86e53:   20 48 85 db 74 e1 81 3b a1 a1 a1 a1 74 d9 be 01 

Register to memory mapping:

RAX=0x00007ffff21b54e3: PrintPoolHiwat+0 in /usr/lib/libobjc.A.dylib at 0x00007fffe8c7d000
RBX=0x0000000000000000 is an unknown value
RCX=0x0000000000000000 is an unknown value
RDX=0x000000000003c2c0 is an unknown value
RSP=0x000070000200e140 is pointing into the stack for thread: 0x00007feaed9a0000
RBP=0x000070000200e580 is pointing into the stack for thread: 0x00007feaed9a0000
RSI=0x00007fffd2cfdf91: __NSStyleNameIndexTable+0x6d2a4 in /System/Library/Frameworks/AppKit.framework/Versions/C/AppKit at 0x00007fffd2180000
RDI=0x00007feaee33d038 is an unknown value
R8 =0x000000000000000c is an unknown value
R9 =0x0000000000000000 is an unknown value
R10=0x00007fffef1290e8: OBJC_CLASS_$_NSAutoreleasePool+0 in /System/Library/Frameworks/Foundation.framework/Versions/C/Foundation at 0x00007fffd5f0a000
R11=0x00007feaec612730 is an unknown value
R12=0x0000000000000000 is an unknown value
R13=0xa3a3a3a3a3a3a3a3 is an unknown value
R14=0x00007feaee33d038 is an unknown value
R15=0x00007feaee33d000 is an unknown value


Stack: [0x0000700001f0f000,0x000070000200f000],  sp=0x000070000200e140,  free space=1020k
Native frames: (J=compiled Java code, j=interpreted, Vv=VM code, C=native code)
C  [libobjc.A.dylib+0x9e43]  (anonymous namespace)::AutoreleasePoolPage::pop(void*)+0x2c3
C  [CoreFoundation+0x46496]  _CFAutoreleasePoolPop+0x16
C  [Foundation+0x175b3]  -[NSAutoreleasePool drain]+0x92
C  [liblwjgl.dylib+0xc0ef]  Java_org_lwjgl_opengl_MacOSXDisplay_nDestroyWindow+0x3f
j  org.lwjgl.opengl.MacOSXDisplay.nDestroyWindow(Ljava/nio/ByteBuffer;)V+0
j  org.lwjgl.opengl.MacOSXDisplay.destroyWindow()V+43
j  org.lwjgl.opengl.Display.destroyWindow()V+46
j  org.lwjgl.opengl.Display.setDisplayMode(Lorg/lwjgl/opengl/DisplayMode;)V+34
j  com.jme3.system.lwjgl.LwjglDisplay.createContext(Lcom/jme3/system/AppSettings;)V+303
j  com.jme3.system.lwjgl.LwjglAbstractDisplay.initInThread()Z+25
j  com.jme3.system.lwjgl.LwjglAbstractDisplay.run()V+36
j  java.lang.Thread.run()V+11
v  ~StubRoutines::call_stub
V  [libjvm.dylib+0x2ea39e]  JavaCalls::call_helper(JavaValue*, methodHandle*, JavaCallArguments*, Thread*)+0x6ae
V  [libjvm.dylib+0x2eab2c]  JavaCalls::call_virtual(JavaValue*, KlassHandle, Symbol*, Symbol*, JavaCallArguments*, Thread*)+0x164
V  [libjvm.dylib+0x2eacd8]  JavaCalls::call_virtual(JavaValue*, Handle, KlassHandle, Symbol*, Symbol*, Thread*)+0x4a
V  [libjvm.dylib+0x345255]  thread_entry(JavaThread*, Thread*)+0x7c
V  [libjvm.dylib+0x560e03]  JavaThread::thread_main_inner()+0x9b
V  [libjvm.dylib+0x5624fe]  JavaThread::run()+0x1c2
V  [libjvm.dylib+0x482eda]  java_start(Thread*)+0xf6
C  [libsystem_pthread.dylib+0x3abb]  _pthread_body+0xb4
C  [libsystem_pthread.dylib+0x3a07]  _pthread_body+0x0
C  [libsystem_pthread.dylib+0x3231]  thread_start+0xd
C  0x0000000000000000

Java frames: (J=compiled Java code, j=interpreted, Vv=VM code)
j  org.lwjgl.opengl.MacOSXDisplay.nDestroyWindow(Ljava/nio/ByteBuffer;)V+0
j  org.lwjgl.opengl.MacOSXDisplay.destroyWindow()V+43
j  org.lwjgl.opengl.Display.destroyWindow()V+46
j  org.lwjgl.opengl.Display.setDisplayMode(Lorg/lwjgl/opengl/DisplayMode;)V+34
j  com.jme3.system.lwjgl.LwjglDisplay.createContext(Lcom/jme3/system/AppSettings;)V+303
j  com.jme3.system.lwjgl.LwjglAbstractDisplay.initInThread()Z+25
j  com.jme3.system.lwjgl.LwjglAbstractDisplay.run()V+36
j  java.lang.Thread.run()V+11
v  ~StubRoutines::call_stub

---------------  P R O C E S S  ---------------

Java Threads: ( => current thread )
=>0x00007feaed9a0000 JavaThread "jME3 Main" [_thread_in_native, id=125647, stack(0x0000700001f0f000,0x000070000200f000)]
  0x00007feaf21af000 JavaThread "jME3 Audio Decoder" daemon [_thread_blocked, id=124939, stack(0x0000700001e0c000,0x0000700001f0c000)]
  0x00007feaed2d0000 JavaThread "DestroyJavaVM" [_thread_blocked, id=7171, stack(0x00007000004b8000,0x00007000005b8000)]
  0x00007feaed233800 JavaThread "jME3 Main" [_thread_blocked, id=68779, stack(0x0000700001c86000,0x0000700001d86000)]
  0x00007feaed49d800 JavaThread "TimerQueue" daemon [_thread_blocked, id=68143, stack(0x0000700001b83000,0x0000700001c83000)]
  0x00007feaee243000 JavaThread "Image Fetcher 0" daemon [_thread_blocked, id=59411, stack(0x00007000019fd000,0x0000700001afd000)]
  0x00007feaed1bb000 JavaThread "Timer-0" daemon [_thread_blocked, id=58915, stack(0x00007000018fa000,0x00007000019fa000)]
  0x00007feaeca64000 JavaThread "Java2D Disposer" daemon [_thread_blocked, id=58127, stack(0x00007000017f7000,0x00007000018f7000)]
  0x00007feaed15d800 JavaThread "Java2D Queue Flusher" daemon [_thread_blocked, id=56071, stack(0x00007000016f4000,0x00007000017f4000)]
  0x00007feaee240000 JavaThread "AWT-EventQueue-0" [_thread_blocked, id=48431, stack(0x00007000015f1000,0x00007000016f1000)]
  0x00007feaee1b5000 JavaThread "AWT-Shutdown" [_thread_blocked, id=30495, stack(0x0000700001365000,0x0000700001465000)]
  0x00007feaee183000 JavaThread "AppKit Thread" daemon [_thread_in_native, id=2059, stack(0x00007fff584bc000,0x00007fff58cbc000)]
  0x00007feaed817800 JavaThread "Service Thread" daemon [_thread_blocked, id=18435, stack(0x00007000010dc000,0x00007000011dc000)]
  0x00007feaee031000 JavaThread "C1 CompilerThread2" daemon [_thread_blocked, id=17923, stack(0x0000700000fd9000,0x00007000010d9000)]
  0x00007feaee030800 JavaThread "C2 CompilerThread1" daemon [_thread_blocked, id=17411, stack(0x0000700000ed6000,0x0000700000fd6000)]
  0x00007feaee02f000 JavaThread "C2 CompilerThread0" daemon [_thread_in_native, id=16899, stack(0x0000700000dd3000,0x0000700000ed3000)]
  0x00007feaee02e000 JavaThread "Signal Dispatcher" daemon [_thread_blocked, id=16387, stack(0x0000700000cd0000,0x0000700000dd0000)]
  0x00007feaed807800 JavaThread "Finalizer" daemon [_thread_blocked, id=12547, stack(0x0000700000bcd000,0x0000700000ccd000)]
  0x00007feaee02d800 JavaThread "Reference Handler" daemon [_thread_blocked, id=12035, stack(0x0000700000aca000,0x0000700000bca000)]

Other Threads:
  0x00007feaed805000 VMThread [stack: 0x00007000009c7000,0x0000700000ac7000] [id=11523]
  0x00007feaed811800 WatcherThread [stack: 0x00007000011df000,0x00007000012df000] [id=18947]

VM state:not at safepoint (normal execution)

VM Mutex/Monitor currently owned by a thread: None

Heap:
 PSYoungGen      total 38400K, used 26013K [0x0000000795580000, 0x0000000798000000, 0x00000007c0000000)
  eden space 33280K, 62% used [0x0000000795580000,0x00000007969e7bd8,0x0000000797600000)
  from space 5120K, 99% used [0x0000000797600000,0x0000000797affa10,0x0000000797b00000)
  to   space 5120K, 0% used [0x0000000797b00000,0x0000000797b00000,0x0000000798000000)
 ParOldGen       total 87552K, used 4644K [0x0000000740000000, 0x0000000745580000, 0x0000000795580000)
  object space 87552K, 5% used [0x0000000740000000,0x0000000740489110,0x0000000745580000)
 Metaspace       used 20155K, capacity 20395K, committed 20736K, reserved 1067008K
  class space    used 2335K, capacity 2445K, committed 2560K, reserved 1048576K

Card table byte_map: [0x0000000108b84000,0x0000000108f85000] byte_map_base: 0x0000000105184000

Marking Bits: (ParMarkBitMap*) 0x00000001080e3ea0
 Begin Bits: [0x0000000109230000, 0x000000010b230000)
 End Bits:   [0x000000010b230000, 0x000000010d230000)

Polling page: 0x0000000106fcf000

CodeCache: size=245760Kb used=6632Kb max_used=6643Kb free=239127Kb
 bounds [0x000000010d942000, 0x000000010dfd2000, 0x000000011c942000]
 total_blobs=2784 nmethods=2111 adapters=586
 compilation: enabled

Compilation events (10 events):
Event: 5.399 Thread 0x00007feaee031000 nmethod 2108 0x000000010dfb89d0 code [0x000000010dfb8b80, 0x000000010dfb8f68]
Event: 5.399 Thread 0x00007feaee031000 2110       3       java.util.LinkedList::checkPositionIndex (22 bytes)
Event: 5.400 Thread 0x00007feaee02f000 nmethod 2103 0x000000010dfb7cd0 code [0x000000010dfb7e80, 0x000000010dfb8418]
Event: 5.400 Thread 0x00007feaee02f000 2109       4       com.jme3.renderer.opengl.GLRenderer::bindProgram (64 bytes)
Event: 5.400 Thread 0x00007feaee031000 nmethod 2110 0x000000010dfba590 code [0x000000010dfba7c0, 0x000000010dfbb398]
Event: 5.400 Thread 0x00007feaee031000 2111  s    1       java.lang.StringBuffer::length (5 bytes)
Event: 5.400 Thread 0x00007feaee031000 nmethod 2111 0x000000010dfba150 code [0x000000010dfba2a0, 0x000000010dfba510]
Event: 5.401 Thread 0x00007feaee030800 nmethod 2107 0x000000010dfbf810 code [0x000000010dfbf960, 0x000000010dfbfb78]
Event: 5.401 Thread 0x00007feaee030800 2112       4       java.nio.DirectByteBuffer::put (18 bytes)
Event: 5.402 Thread 0x00007feaee030800 nmethod 2112 0x000000010dfbf490 code [0x000000010dfbf5e0, 0x000000010dfbf698]

GC Heap History (2 events):
Event: 4.218 GC heap before
{Heap before GC invocations=1 (full 0):
 PSYoungGen      total 38400K, used 33280K [0x0000000795580000, 0x0000000798000000, 0x00000007c0000000)
  eden space 33280K, 100% used [0x0000000795580000,0x0000000797600000,0x0000000797600000)
  from space 5120K, 0% used [0x0000000797b00000,0x0000000797b00000,0x0000000798000000)
  to   space 5120K, 0% used [0x0000000797600000,0x0000000797600000,0x0000000797b00000)
 ParOldGen       total 87552K, used 0K [0x0000000740000000, 0x0000000745580000, 0x0000000795580000)
  object space 87552K, 0% used [0x0000000740000000,0x0000000740000000,0x0000000745580000)
 Metaspace       used 18283K, capacity 18461K, committed 18944K, reserved 1067008K
  class space    used 2140K, capacity 2192K, committed 2304K, reserved 1048576K
Event: 4.229 GC heap after
Heap after GC invocations=1 (full 0):
 PSYoungGen      total 38400K, used 5118K [0x0000000795580000, 0x0000000798000000, 0x00000007c0000000)
  eden space 33280K, 0% used [0x0000000795580000,0x0000000795580000,0x0000000797600000)
  from space 5120K, 99% used [0x0000000797600000,0x0000000797affa10,0x0000000797b00000)
  to   space 5120K, 0% used [0x0000000797b00000,0x0000000797b00000,0x0000000798000000)
 ParOldGen       total 87552K, used 4644K [0x0000000740000000, 0x0000000745580000, 0x0000000795580000)
  object space 87552K, 5% used [0x0000000740000000,0x0000000740489110,0x0000000745580000)
 Metaspace       used 18283K, capacity 18461K, committed 18944K, reserved 1067008K
  class space    used 2140K, capacity 2192K, committed 2304K, reserved 1048576K
}

Deoptimization events (10 events):
Event: 4.444 Thread 0x00007feaed233800 Uncommon trap: reason=unstable_if action=reinterpret pc=0x000000010db7b500 method=java.util.HashMap.getNode(ILjava/lang/Object;)Ljava/util/HashMap$Node; @ 62
Event: 4.444 Thread 0x00007feaed233800 Uncommon trap: reason=bimorphic action=maybe_recompile pc=0x000000010dd78464 method=java.util.HashMap.putVal(ILjava/lang/Object;Ljava/lang/Object;ZZ)Ljava/lang/Object; @ 91
Event: 4.445 Thread 0x00007feaed233800 Uncommon trap: reason=bimorphic action=maybe_recompile pc=0x000000010dd78464 method=java.util.HashMap.putVal(ILjava/lang/Object;Ljava/lang/Object;ZZ)Ljava/lang/Object; @ 91
Event: 4.445 Thread 0x00007feaed233800 Uncommon trap: reason=bimorphic action=maybe_recompile pc=0x000000010dd78464 method=java.util.HashMap.putVal(ILjava/lang/Object;Ljava/lang/Object;ZZ)Ljava/lang/Object; @ 91
Event: 4.445 Thread 0x00007feaed233800 Uncommon trap: reason=bimorphic action=maybe_recompile pc=0x000000010dd6ee6c method=java.util.HashMap.putVal(ILjava/lang/Object;Ljava/lang/Object;ZZ)Ljava/lang/Object; @ 91
Event: 4.552 Thread 0x00007feaed233800 Uncommon trap: reason=class_check action=maybe_recompile pc=0x000000010de84b9c method=java.util.HashMap.putVal(ILjava/lang/Object;Ljava/lang/Object;ZZ)Ljava/lang/Object; @ 203
Event: 4.563 Thread 0x00007feaed233800 Uncommon trap: reason=class_check action=maybe_recompile pc=0x000000010de84b9c method=java.util.HashMap.putVal(ILjava/lang/Object;Ljava/lang/Object;ZZ)Ljava/lang/Object; @ 203
Event: 4.565 Thread 0x00007feaed233800 Uncommon trap: reason=class_check action=maybe_recompile pc=0x000000010de84b9c method=java.util.HashMap.putVal(ILjava/lang/Object;Ljava/lang/Object;ZZ)Ljava/lang/Object; @ 203
Event: 5.079 Thread 0x00007feaed233800 Uncommon trap: reason=unstable_if action=reinterpret pc=0x000000010df82670 method=com.jme3.shader.Uniform.setValue(Lcom/jme3/shader/VarType;Ljava/lang/Object;)V @ 1047
Event: 5.390 Thread 0x00007feaed233800 Uncommon trap: reason=class_check action=maybe_recompile pc=0x000000010de84b9c method=java.util.HashMap.putVal(ILjava/lang/Object;Ljava/lang/Object;ZZ)Ljava/lang/Object; @ 203

Internal exceptions (10 events):
Event: 3.920 Thread 0x00007feaed233800 Exception <a 'java/security/PrivilegedActionException'> (0x0000000796d887e0) thrown at [/Users/java_re/workspace/8-2-build-macosx-x86_64/jdk8u77/6540/hotspot/src/share/vm/prims/jvm.cpp, line 1386]
Event: 3.921 Thread 0x00007feaed233800 Exception <a 'org/lwjgl/LWJGLException': Could not load OpenAL library> (0x0000000796d8a428) thrown at [/Users/java_re/workspace/8-2-build-macosx-x86_64/jdk8u77/6540/hotspot/src/share/vm/prims/jni.cpp, line 735]
Event: 3.921 Thread 0x00007feaed233800 Exception <a 'org/lwjgl/LWJGLException': Could not load OpenAL library> (0x0000000796d8ab18) thrown at [/Users/java_re/workspace/8-2-build-macosx-x86_64/jdk8u77/6540/hotspot/src/share/vm/prims/jni.cpp, line 735]
Event: 3.921 Thread 0x00007feaed233800 Exception <a 'org/lwjgl/LWJGLException': Could not load OpenAL library> (0x0000000796d8b060) thrown at [/Users/java_re/workspace/8-2-build-macosx-x86_64/jdk8u77/6540/hotspot/src/share/vm/prims/jni.cpp, line 735]
Event: 3.921 Thread 0x00007feaed233800 Exception <a 'org/lwjgl/LWJGLException': Could not load OpenAL library> (0x0000000796d8b548) thrown at [/Users/java_re/workspace/8-2-build-macosx-x86_64/jdk8u77/6540/hotspot/src/share/vm/prims/jni.cpp, line 735]
Event: 3.921 Thread 0x00007feaed233800 Exception <a 'org/lwjgl/LWJGLException': Could not load OpenAL library> (0x0000000796d8ba70) thrown at [/Users/java_re/workspace/8-2-build-macosx-x86_64/jdk8u77/6540/hotspot/src/share/vm/prims/jni.cpp, line 735]
Event: 3.921 Thread 0x00007feaed233800 Exception <a 'org/lwjgl/LWJGLException': Could not load OpenAL library> (0x0000000796d8bf90) thrown at [/Users/java_re/workspace/8-2-build-macosx-x86_64/jdk8u77/6540/hotspot/src/share/vm/prims/jni.cpp, line 735]
Event: 3.921 Thread 0x00007feaed233800 Exception <a 'org/lwjgl/LWJGLException': Could not load OpenAL library> (0x0000000796d8c420) thrown at [/Users/java_re/workspace/8-2-build-macosx-x86_64/jdk8u77/6540/hotspot/src/share/vm/prims/jni.cpp, line 735]
Event: 3.921 Thread 0x00007feaed233800 Exception <a 'org/lwjgl/LWJGLException': Could not load OpenAL library> (0x0000000796d8c870) thrown at [/Users/java_re/workspace/8-2-build-macosx-x86_64/jdk8u77/6540/hotspot/src/share/vm/prims/jni.cpp, line 735]
Event: 3.921 Thread 0x00007feaed233800 Exception <a 'org/lwjgl/LWJGLException': Could not load OpenAL library> (0x0000000796d8cf18) thrown at [/Users/java_re/workspace/8-2-build-macosx-x86_64/jdk8u77/6540/hotspot/src/share/vm/prims/jni.cpp, line 735]

Events (10 events):
Event: 5.395 loading class network/UtNetworking$PositionMessage done
Event: 5.396 loading class mygame/ClientMain
Event: 5.396 loading class mygame/ClientMain done
Event: 5.396 loading class com/jme3/network/MessageListener
Event: 5.396 loading class com/jme3/network/MessageListener done
Event: 5.396 loading class vehicles/Vehicle
Event: 5.396 loading class vehicles/Vehicle done
Event: 5.396 loading class vehicles/Ferrari
Event: 5.396 loading class vehicles/Ferrari done
Event: 5.397 Thread 0x00007feaed9a0000 Thread added: 0x00007feaed9a0000


Dynamic libraries:
0x000000005f333000 	/System/Library/Frameworks/Cocoa.framework/Versions/A/Cocoa
0x000000005f333000 	/System/Library/Frameworks/Security.framework/Versions/A/Security
0x000000005f333000 	/System/Library/Frameworks/ApplicationServices.framework/Versions/A/ApplicationServices
0x000000005f333000 	/usr/lib/libz.1.dylib
0x000000005f333000 	/usr/lib/libSystem.B.dylib
0x000000005f333000 	/usr/lib/libobjc.A.dylib
0x000000005f333000 	/System/Library/Frameworks/CoreFoundation.framework/Versions/A/CoreFoundation
0x000000005f333000 	/System/Library/Frameworks/Foundation.framework/Versions/C/Foundation
0x000000005f333000 	/System/Library/Frameworks/AppKit.framework/Versions/C/AppKit
0x000000005f333000 	/System/Library/Frameworks/CoreData.framework/Versions/A/CoreData
0x000000005f333000 	/System/Library/PrivateFrameworks/RemoteViewServices.framework/Versions/A/RemoteViewServices
0x000000005f333000 	/System/Library/PrivateFrameworks/UIFoundation.framework/Versions/A/UIFoundation
0x000000005f333000 	/usr/lib/libenergytrace.dylib
0x000000005f333000 	/System/Library/PrivateFrameworks/SkyLight.framework/Versions/A/SkyLight
0x000000005f333000 	/System/Library/Frameworks/CoreGraphics.framework/Versions/A/CoreGraphics
0x000000005f333000 	/usr/lib/libScreenReader.dylib
0x000000005f333000 	/System/Library/Frameworks/Accelerate.framework/Versions/A/Accelerate
0x000000005f333000 	/System/Library/Frameworks/IOSurface.framework/Versions/A/IOSurface
0x000000005f333000 	/System/Library/Frameworks/AudioToolbox.framework/Versions/A/AudioToolbox
0x000000005f333000 	/System/Library/Frameworks/AudioUnit.framework/Versions/A/AudioUnit
0x000000005f333000 	/System/Library/PrivateFrameworks/DataDetectorsCore.framework/Versions/A/DataDetectorsCore
0x000000005f333000 	/System/Library/PrivateFrameworks/DesktopServicesPriv.framework/Versions/A/DesktopServicesPriv
0x000000005f333000 	/System/Library/Frameworks/Carbon.framework/Versions/A/Frameworks/HIToolbox.framework/Versions/A/HIToolbox
0x000000005f333000 	/usr/lib/libicucore.A.dylib
0x000000005f333000 	/System/Library/Frameworks/QuartzCore.framework/Versions/A/QuartzCore
0x000000005f333000 	/System/Library/Frameworks/Carbon.framework/Versions/A/Frameworks/SpeechRecognition.framework/Versions/A/SpeechRecognition
0x000000005f333000 	/usr/lib/libauto.dylib
0x000000005f333000 	/usr/lib/libxml2.2.dylib
0x000000005f333000 	/System/Library/PrivateFrameworks/CoreUI.framework/Versions/A/CoreUI
0x000000005f333000 	/System/Library/Frameworks/CoreAudio.framework/Versions/A/CoreAudio
0x000000005f333000 	/System/Library/Frameworks/DiskArbitration.framework/Versions/A/DiskArbitration
0x000000005f333000 	/usr/lib/liblangid.dylib
0x000000005f333000 	/System/Library/PrivateFrameworks/MultitouchSupport.framework/Versions/A/MultitouchSupport
0x000000005f333000 	/System/Library/Frameworks/IOKit.framework/Versions/A/IOKit
0x000000005f333000 	/usr/lib/libDiagnosticMessagesClient.dylib
0x000000005f333000 	/System/Library/Frameworks/CoreServices.framework/Versions/A/CoreServices
0x000000005f333000 	/System/Library/PrivateFrameworks/PerformanceAnalysis.framework/Versions/A/PerformanceAnalysis
0x000000005f333000 	/System/Library/PrivateFrameworks/GenerationalStorage.framework/Versions/A/GenerationalStorage
0x000000005f333000 	/System/Library/Frameworks/OpenGL.framework/Versions/A/OpenGL
0x000000005f333000 	/System/Library/Frameworks/CoreImage.framework/Versions/A/CoreImage
0x000000005f333000 	/System/Library/Frameworks/CoreText.framework/Versions/A/CoreText
0x000000005f333000 	/System/Library/Frameworks/ImageIO.framework/Versions/A/ImageIO
0x000000005f333000 	/System/Library/PrivateFrameworks/Backup.framework/Versions/A/Backup
0x000000005f333000 	/usr/lib/libarchive.2.dylib
0x000000005f333000 	/System/Library/Frameworks/CFNetwork.framework/Versions/A/CFNetwork
0x000000005f333000 	/System/Library/Frameworks/SystemConfiguration.framework/Versions/A/SystemConfiguration
0x000000005f333000 	/usr/lib/libCRFSuite.dylib
0x000000005f333000 	/usr/lib/libc++.1.dylib
0x000000005f333000 	/usr/lib/libc++abi.dylib
0x000000005f333000 	/usr/lib/system/libcache.dylib
0x000000005f333000 	/usr/lib/system/libcommonCrypto.dylib
0x000000005f333000 	/usr/lib/system/libcompiler_rt.dylib
0x000000005f333000 	/usr/lib/system/libcopyfile.dylib
0x000000005f333000 	/usr/lib/system/libcorecrypto.dylib
0x000000005f333000 	/usr/lib/system/libdispatch.dylib
0x000000005f333000 	/usr/lib/system/libdyld.dylib
0x000000005f333000 	/usr/lib/system/libkeymgr.dylib
0x000000005f333000 	/usr/lib/system/liblaunch.dylib
0x000000005f333000 	/usr/lib/system/libmacho.dylib
0x000000005f333000 	/usr/lib/system/libquarantine.dylib
0x000000005f333000 	/usr/lib/system/libremovefile.dylib
0x000000005f333000 	/usr/lib/system/libsystem_asl.dylib
0x000000005f333000 	/usr/lib/system/libsystem_blocks.dylib
0x000000005f333000 	/usr/lib/system/libsystem_c.dylib
0x000000005f333000 	/usr/lib/system/libsystem_configuration.dylib
0x000000005f333000 	/usr/lib/system/libsystem_coreservices.dylib
0x000000005f333000 	/usr/lib/system/libsystem_coretls.dylib
0x000000005f333000 	/usr/lib/system/libsystem_dnssd.dylib
0x000000005f333000 	/usr/lib/system/libsystem_info.dylib
0x000000005f333000 	/usr/lib/system/libsystem_kernel.dylib
0x000000005f333000 	/usr/lib/system/libsystem_m.dylib
0x000000005f333000 	/usr/lib/system/libsystem_malloc.dylib
0x000000005f333000 	/usr/lib/system/libsystem_network.dylib
0x000000005f333000 	/usr/lib/system/libsystem_networkextension.dylib
0x000000005f333000 	/usr/lib/system/libsystem_notify.dylib
0x000000005f333000 	/usr/lib/system/libsystem_platform.dylib
0x000000005f333000 	/usr/lib/system/libsystem_pthread.dylib
0x000000005f333000 	/usr/lib/system/libsystem_sandbox.dylib
0x000000005f333000 	/usr/lib/system/libsystem_secinit.dylib
0x000000005f333000 	/usr/lib/system/libsystem_symptoms.dylib
0x000000005f333000 	/usr/lib/system/libsystem_trace.dylib
0x000000005f333000 	/usr/lib/system/libunwind.dylib
0x000000005f333000 	/usr/lib/system/libxpc.dylib
0x000000005f333000 	/usr/lib/libbsm.0.dylib
0x000000005f333000 	/usr/lib/system/libkxld.dylib
0x000000005f333000 	/usr/lib/libcoretls.dylib
0x000000005f333000 	/usr/lib/libcoretls_cfhelpers.dylib
0x000000005f333000 	/usr/lib/libxar.1.dylib
0x000000005f333000 	/usr/lib/libsqlite3.dylib
0x000000005f333000 	/usr/lib/libpam.2.dylib
0x000000005f333000 	/usr/lib/libOpenScriptingUtil.dylib
0x000000005f333000 	/usr/lib/libbz2.1.0.dylib
0x000000005f333000 	/usr/lib/liblzma.5.dylib
0x000000005f333000 	/usr/lib/libnetwork.dylib
0x000000005f333000 	/usr/lib/libpcap.A.dylib
0x000000005f333000 	/System/Library/Frameworks/CoreServices.framework/Versions/A/Frameworks/FSEvents.framework/Versions/A/FSEvents
0x000000005f333000 	/System/Library/Frameworks/CoreServices.framework/Versions/A/Frameworks/CarbonCore.framework/Versions/A/CarbonCore
0x000000005f333000 	/System/Library/Frameworks/CoreServices.framework/Versions/A/Frameworks/Metadata.framework/Versions/A/Metadata
0x000000005f333000 	/System/Library/Frameworks/CoreServices.framework/Versions/A/Frameworks/OSServices.framework/Versions/A/OSServices
0x000000005f333000 	/System/Library/Frameworks/CoreServices.framework/Versions/A/Frameworks/SearchKit.framework/Versions/A/SearchKit
0x000000005f333000 	/System/Library/Frameworks/CoreServices.framework/Versions/A/Frameworks/AE.framework/Versions/A/AE
0x000000005f333000 	/System/Library/Frameworks/CoreServices.framework/Versions/A/Frameworks/LaunchServices.framework/Versions/A/LaunchServices
0x000000005f333000 	/System/Library/Frameworks/CoreServices.framework/Versions/A/Frameworks/DictionaryServices.framework/Versions/A/DictionaryServices
0x000000005f333000 	/System/Library/Frameworks/CoreServices.framework/Versions/A/Frameworks/SharedFileList.framework/Versions/A/SharedFileList
0x000000005f333000 	/System/Library/Frameworks/NetFS.framework/Versions/A/NetFS
0x000000005f333000 	/System/Library/PrivateFrameworks/NetAuth.framework/Versions/A/NetAuth
0x000000005f333000 	/System/Library/PrivateFrameworks/login.framework/Versions/A/Frameworks/loginsupport.framework/Versions/A/loginsupport
0x000000005f333000 	/System/Library/PrivateFrameworks/TCC.framework/Versions/A/TCC
0x000000005f333000 	/usr/lib/libmecabra.dylib
0x000000005f333000 	/System/Library/Frameworks/ApplicationServices.framework/Versions/A/Frameworks/ATS.framework/Versions/A/ATS
0x000000005f333000 	/System/Library/Frameworks/ApplicationServices.framework/Versions/A/Frameworks/ColorSync.framework/Versions/A/ColorSync
0x000000005f333000 	/System/Library/Frameworks/ApplicationServices.framework/Versions/A/Frameworks/HIServices.framework/Versions/A/HIServices
0x000000005f333000 	/System/Library/Frameworks/ApplicationServices.framework/Versions/A/Frameworks/LangAnalysis.framework/Versions/A/LangAnalysis
0x000000005f333000 	/System/Library/Frameworks/ApplicationServices.framework/Versions/A/Frameworks/PrintCore.framework/Versions/A/PrintCore
0x000000005f333000 	/System/Library/Frameworks/ApplicationServices.framework/Versions/A/Frameworks/QD.framework/Versions/A/QD
0x000000005f333000 	/System/Library/Frameworks/ApplicationServices.framework/Versions/A/Frameworks/SpeechSynthesis.framework/Versions/A/SpeechSynthesis
0x000000005f333000 	/System/Library/Frameworks/Accelerate.framework/Versions/A/Frameworks/vImage.framework/Versions/A/vImage
0x000000005f333000 	/System/Library/Frameworks/Accelerate.framework/Versions/A/Frameworks/vecLib.framework/Versions/A/vecLib
0x000000005f333000 	/System/Library/Frameworks/Accelerate.framework/Versions/A/Frameworks/vecLib.framework/Versions/A/libvDSP.dylib
0x000000005f333000 	/System/Library/Frameworks/Accelerate.framework/Versions/A/Frameworks/vecLib.framework/Versions/A/libBNNS.dylib
0x000000005f333000 	/System/Library/Frameworks/Accelerate.framework/Versions/A/Frameworks/vecLib.framework/Versions/A/libQuadrature.dylib
0x000000005f333000 	/System/Library/Frameworks/Accelerate.framework/Versions/A/Frameworks/vecLib.framework/Versions/A/libvMisc.dylib
0x000000005f333000 	/System/Library/Frameworks/Accelerate.framework/Versions/A/Frameworks/vecLib.framework/Versions/A/libLAPACK.dylib
0x000000005f333000 	/System/Library/Frameworks/Accelerate.framework/Versions/A/Frameworks/vecLib.framework/Versions/A/libBLAS.dylib
0x000000005f333000 	/System/Library/Frameworks/Accelerate.framework/Versions/A/Frameworks/vecLib.framework/Versions/A/libLinearAlgebra.dylib
0x000000005f333000 	/System/Library/Frameworks/Accelerate.framework/Versions/A/Frameworks/vecLib.framework/Versions/A/libSparseBLAS.dylib
0x000000005f333000 	/System/Library/Frameworks/ApplicationServices.framework/Versions/A/Frameworks/ATS.framework/Versions/A/Resources/libFontParser.dylib
0x000000005f333000 	/System/Library/Frameworks/ApplicationServices.framework/Versions/A/Frameworks/ATS.framework/Versions/A/Resources/libFontRegistry.dylib
0x000000005f333000 	/System/Library/Frameworks/ImageIO.framework/Versions/A/Resources/libJPEG.dylib
0x000000005f333000 	/System/Library/Frameworks/ImageIO.framework/Versions/A/Resources/libTIFF.dylib
0x000000005f333000 	/System/Library/Frameworks/ImageIO.framework/Versions/A/Resources/libPng.dylib
0x000000005f333000 	/System/Library/Frameworks/ImageIO.framework/Versions/A/Resources/libGIF.dylib
0x000000005f333000 	/System/Library/Frameworks/ImageIO.framework/Versions/A/Resources/libJP2.dylib
0x000000005f333000 	/System/Library/Frameworks/ImageIO.framework/Versions/A/Resources/libRadiance.dylib
0x000000005f333000 	/usr/lib/libcompression.dylib
0x000000005f333000 	/System/Library/PrivateFrameworks/AppleJPEG.framework/Versions/A/AppleJPEG
0x000000005f333000 	/usr/lib/libcups.2.dylib
0x000000005f333000 	/System/Library/Frameworks/Kerberos.framework/Versions/A/Kerberos
0x000000005f333000 	/System/Library/Frameworks/GSS.framework/Versions/A/GSS
0x000000005f333000 	/usr/lib/libresolv.9.dylib
0x000000005f333000 	/usr/lib/libiconv.2.dylib
0x000000005f333000 	/System/Library/PrivateFrameworks/Heimdal.framework/Versions/A/Heimdal
0x000000005f333000 	/usr/lib/libheimdal-asn1.dylib
0x000000005f333000 	/System/Library/Frameworks/OpenDirectory.framework/Versions/A/OpenDirectory
0x000000005f333000 	/System/Library/PrivateFrameworks/CommonAuth.framework/Versions/A/CommonAuth
0x000000005f333000 	/System/Library/Frameworks/OpenDirectory.framework/Versions/A/Frameworks/CFOpenDirectory.framework/Versions/A/CFOpenDirectory
0x000000005f333000 	/System/Library/Frameworks/SecurityFoundation.framework/Versions/A/SecurityFoundation
0x000000005f333000 	/System/Library/PrivateFrameworks/LanguageModeling.framework/Versions/A/LanguageModeling
0x000000005f333000 	/usr/lib/libmarisa.dylib
0x000000005f333000 	/usr/lib/libChineseTokenizer.dylib
0x000000005f333000 	/usr/lib/libcmph.dylib
0x000000005f333000 	/System/Library/PrivateFrameworks/CoreEmoji.framework/Versions/A/CoreEmoji
0x000000005f333000 	/System/Library/Frameworks/ServiceManagement.framework/Versions/A/ServiceManagement
0x000000005f333000 	/usr/lib/libxslt.1.dylib
0x000000005f333000 	/System/Library/Frameworks/Carbon.framework/Versions/A/Frameworks/Ink.framework/Versions/A/Ink
0x000000005f333000 	/System/Library/PrivateFrameworks/TextureIO.framework/Versions/A/TextureIO
0x000000005f333000 	/System/Library/Frameworks/Metal.framework/Versions/A/Metal
0x000000005f333000 	/usr/lib/libate.dylib
0x000000005f333000 	/System/Library/PrivateFrameworks/GPUCompiler.framework/libmetal_timestamp.dylib
0x000000005f333000 	/System/Library/Frameworks/OpenGL.framework/Versions/A/Libraries/libCoreFSCache.dylib
0x000000005f333000 	/System/Library/PrivateFrameworks/IOAccelerator.framework/Versions/A/IOAccelerator
0x000000005f333000 	/System/Library/Frameworks/CoreVideo.framework/Versions/A/CoreVideo
0x000000005f333000 	/usr/lib/libFosl_dynamic.dylib
0x000000005f333000 	/System/Library/PrivateFrameworks/MetalPerformanceShaders.framework/Versions/A/MetalPerformanceShaders
0x000000005f333000 	/System/Library/PrivateFrameworks/FaceCore.framework/Versions/A/FaceCore
0x000000005f333000 	/System/Library/Frameworks/OpenCL.framework/Versions/A/OpenCL
0x000000005f333000 	/System/Library/Frameworks/OpenGL.framework/Versions/A/Libraries/libGLU.dylib
0x000000005f333000 	/System/Library/Frameworks/OpenGL.framework/Versions/A/Libraries/libGFXShared.dylib
0x000000005f333000 	/System/Library/Frameworks/OpenGL.framework/Versions/A/Libraries/libGL.dylib
0x000000005f333000 	/System/Library/Frameworks/OpenGL.framework/Versions/A/Libraries/libGLImage.dylib
0x000000005f333000 	/System/Library/Frameworks/OpenGL.framework/Versions/A/Libraries/libCVMSPluginSupport.dylib
0x000000005f333000 	/System/Library/Frameworks/OpenGL.framework/Versions/A/Libraries/libCoreVMClient.dylib
0x000000005f333000 	/System/Library/PrivateFrameworks/CrashReporterSupport.framework/Versions/A/CrashReporterSupport
0x000000005f333000 	/System/Library/PrivateFrameworks/Sharing.framework/Versions/A/Sharing
0x000000005f333000 	/System/Library/PrivateFrameworks/IconServices.framework/Versions/A/IconServices
0x000000005f333000 	/System/Library/PrivateFrameworks/ProtocolBuffer.framework/Versions/A/ProtocolBuffer
0x000000005f333000 	/System/Library/PrivateFrameworks/Apple80211.framework/Versions/A/Apple80211
0x000000005f333000 	/System/Library/Frameworks/CoreWLAN.framework/Versions/A/CoreWLAN
0x000000005f333000 	/System/Library/PrivateFrameworks/CoreUtils.framework/Versions/A/CoreUtils
0x000000005f333000 	/System/Library/Frameworks/IOBluetooth.framework/Versions/A/IOBluetooth
0x000000005f333000 	/System/Library/PrivateFrameworks/CoreWiFi.framework/Versions/A/CoreWiFi
0x000000005f333000 	/System/Library/Frameworks/CoreBluetooth.framework/Versions/A/CoreBluetooth
0x000000005f333000 	/System/Library/Frameworks/CoreDisplay.framework/Versions/A/CoreDisplay
0x000000005f333000 	/System/Library/PrivateFrameworks/IOPresentment.framework/Versions/A/IOPresentment
0x000000005f333000 	/System/Library/PrivateFrameworks/DebugSymbols.framework/Versions/A/DebugSymbols
0x000000005f333000 	/System/Library/PrivateFrameworks/CoreSymbolication.framework/Versions/A/CoreSymbolication
0x000000005f333000 	/System/Library/PrivateFrameworks/Symbolication.framework/Versions/A/Symbolication
0x000000005f333000 	/System/Library/PrivateFrameworks/AppleFSCompression.framework/Versions/A/AppleFSCompression
0x000000005f333000 	/System/Library/PrivateFrameworks/SpeechRecognitionCore.framework/Versions/A/SpeechRecognitionCore
0x000000005f333000 	/System/Library/PrivateFrameworks/ChunkingLibrary.framework/Versions/A/ChunkingLibrary
0x0000000107800000 	/Applications/jmonkeyplatform.app/Contents/Resources/jmonkeyplatform/jdk/jre/lib/server/libjvm.dylib
0x000000005f333000 	/usr/lib/libstdc++.6.dylib
0x0000000106fc1000 	/Applications/jmonkeyplatform.app/Contents/Resources/jmonkeyplatform/jdk/jre/lib/libverify.dylib
0x000000010878f000 	/Applications/jmonkeyplatform.app/Contents/Resources/jmonkeyplatform/jdk/jre/lib/libjava.dylib
0x0000000106fd9000 	/Applications/jmonkeyplatform.app/Contents/Resources/jmonkeyplatform/jdk/jre/lib/libzip.dylib
0x0000000106fe3000 	/System/Library/Frameworks/JavaVM.framework/Frameworks/JavaRuntimeSupport.framework/JavaRuntimeSupport
0x000000010d8a2000 	/System/Library/Frameworks/JavaVM.framework/Versions/A/Frameworks/JavaNativeFoundation.framework/Versions/A/JavaNativeFoundation
0x000000011e1c6000 	/System/Library/Frameworks/JavaVM.framework/Versions/A/JavaVM
0x000000005f333000 	/System/Library/Frameworks/Carbon.framework/Versions/A/Carbon
0x000000011e1d3000 	/System/Library/PrivateFrameworks/JavaLaunching.framework/Versions/A/JavaLaunching
0x000000005f333000 	/System/Library/Frameworks/Carbon.framework/Versions/A/Frameworks/CommonPanels.framework/Versions/A/CommonPanels
0x000000005f333000 	/System/Library/Frameworks/Carbon.framework/Versions/A/Frameworks/Help.framework/Versions/A/Help
0x000000005f333000 	/System/Library/Frameworks/Carbon.framework/Versions/A/Frameworks/ImageCapture.framework/Versions/A/ImageCapture
0x000000005f333000 	/System/Library/Frameworks/Carbon.framework/Versions/A/Frameworks/OpenScripting.framework/Versions/A/OpenScripting
0x000000005f333000 	/System/Library/Frameworks/Carbon.framework/Versions/A/Frameworks/Print.framework/Versions/A/Print
0x000000005f333000 	/System/Library/Frameworks/Carbon.framework/Versions/A/Frameworks/SecurityHI.framework/Versions/A/SecurityHI
0x000000011fb51000 	/Applications/jmonkeyplatform.app/Contents/Resources/jmonkeyplatform/jdk/jre/lib/libawt.dylib
0x000000011fbf9000 	/Applications/jmonkeyplatform.app/Contents/Resources/jmonkeyplatform/jdk/jre/lib/./libmlib_image.dylib
0x000000011fcc5000 	/Applications/jmonkeyplatform.app/Contents/Resources/jmonkeyplatform/jdk/jre/lib/libawt_lwawt.dylib
0x000000011fd7a000 	/Applications/jmonkeyplatform.app/Contents/Resources/jmonkeyplatform/jdk/jre/lib/./libosxapp.dylib
0x000000005f333000 	/System/Library/Frameworks/ExceptionHandling.framework/Versions/A/ExceptionHandling
0x000000005f333000 	/System/Library/PrivateFrameworks/CoreServicesInternal.framework/Versions/A/CoreServicesInternal
0x000000005f333000 	/System/Library/CoreServices/RawCamera.bundle/Contents/MacOS/RawCamera
0x000000005f333000 	/System/Library/Frameworks/Accelerate.framework/Versions/A/Frameworks/vImage.framework/Versions/A/Libraries/libCGInterfaces.dylib
0x000000005f333000 	/System/Library/Frameworks/ApplicationServices.framework/Versions/A/Frameworks/ATS.framework/Versions/A/Resources/libTrueTypeScaler.dylib
0x000000005f333000 	/System/Library/Frameworks/OpenGL.framework/Versions/A/Resources/GLEngine.bundle/GLEngine
0x000000005f333000 	/System/Library/Frameworks/OpenGL.framework/Versions/A/Libraries/libGLProgrammability.dylib
0x0000000121b76000 	/System/Library/Extensions/AppleIntelBDWGraphicsGLDriver.bundle/Contents/MacOS/AppleIntelBDWGraphicsGLDriver
0x000000005f333000 	/System/Library/PrivateFrameworks/GPUSupport.framework/Versions/A/Libraries/libGPUSupportMercury.dylib
0x000000005f333000 	/System/Library/Frameworks/OpenGL.framework/Versions/A/Resources/GLRendererFloat.bundle/GLRendererFloat
0x000000005f333000 	/System/Library/Frameworks/OpenCL.framework/Versions/A/Libraries/libcldcpuengine.dylib
0x000000005f333000 	/usr/lib/libcrypto.0.9.8.dylib
0x000000005f333000 	/System/Library/PrivateFrameworks/TrustEvaluationAgent.framework/Versions/A/TrustEvaluationAgent
0x00000001222f0000 	/System/Library/Extensions/AppleIntelBDWGraphicsMTLDriver.bundle/Contents/MacOS/AppleIntelBDWGraphicsMTLDriver
0x000000005f333000 	/System/Library/PrivateFrameworks/FamilyControls.framework/Versions/A/FamilyControls
0x000000005f333000 	/System/Library/PrivateFrameworks/CommerceKit.framework/Versions/A/Frameworks/CommerceCore.framework/Versions/A/CommerceCore
0x000000005f333000 	/System/Library/PrivateFrameworks/SystemAdministration.framework/Versions/A/SystemAdministration
0x000000005f333000 	/System/Library/PrivateFrameworks/AppContainer.framework/Versions/A/AppContainer
0x000000005f333000 	/System/Library/PrivateFrameworks/SecCodeWrapper.framework/Versions/A/SecCodeWrapper
0x000000005f333000 	/System/Library/Frameworks/DirectoryService.framework/Versions/A/DirectoryService
0x000000005f333000 	/System/Library/PrivateFrameworks/DiskImages.framework/Versions/A/DiskImages
0x000000005f333000 	/System/Library/PrivateFrameworks/LoginUIKit.framework/Versions/A/Frameworks/LoginUICore.framework/Versions/A/LoginUICore
0x000000005f333000 	/usr/lib/libCoreStorage.dylib
0x000000005f333000 	/usr/lib/libcsfde.dylib
0x000000005f333000 	/usr/lib/libodfde.dylib
0x000000005f333000 	/System/Library/Frameworks/DiscRecording.framework/Versions/A/DiscRecording
0x000000005f333000 	/usr/lib/libcurl.4.dylib
0x000000005f333000 	/System/Library/PrivateFrameworks/MediaKit.framework/Versions/A/MediaKit
0x000000005f333000 	/System/Library/PrivateFrameworks/ProtectedCloudStorage.framework/Versions/A/ProtectedCloudStorage
0x000000005f333000 	/System/Library/PrivateFrameworks/EFILogin.framework/Versions/A/EFILogin
0x000000005f333000 	/usr/lib/libutil.dylib
0x000000005f333000 	/System/Library/Frameworks/LDAP.framework/Versions/A/LDAP
0x000000005f333000 	/usr/lib/libsasl2.2.dylib
0x000000005f333000 	/System/Library/PrivateFrameworks/CoreDaemon.framework/Versions/B/CoreDaemon
0x000000005f333000 	/System/Library/PrivateFrameworks/AppleSRP.framework/Versions/A/AppleSRP
0x000000005f333000 	/System/Library/PrivateFrameworks/APFS.framework/Versions/A/APFS
0x000000012386a000 	/Applications/jmonkeyplatform.app/Contents/Resources/jmonkeyplatform/jdk/jre/lib/libfontmanager.dylib
0x000000012454f000 	/Applications/jmonkeyplatform.app/Contents/Resources/jmonkeyplatform/jdk/jre/lib/libosxui.dylib
0x0000000124ff8000 	/Applications/jmonkeyplatform.app/Contents/Resources/jmonkeyplatform/jdk/jre/lib/libosx.dylib
0x000000005f333000 	/System/Library/PrivateFrameworks/ViewBridge.framework/Versions/A/ViewBridge
0x000000005f333000 	/System/Library/PrivateFrameworks/XPCService.framework/Versions/A/XPCService
0x000000005f333000 	/System/Library/PrivateFrameworks/AppSandbox.framework/Versions/A/AppSandbox
0x000000005f333000 	/usr/lib/libsandbox.1.dylib
0x000000005f333000 	/usr/lib/libMatch.1.dylib
0x0000000126bdd000 	/Applications/jmonkeyplatform.app/Contents/Resources/jmonkeyplatform/jdk/jre/lib/libnet.dylib
0x0000000126494000 	/Applications/jmonkeyplatform.app/Contents/Resources/jmonkeyplatform/jdk/jre/lib/libnio.dylib
0x0000000157fa1000 	/Users/EOF-1/Documents/IIITB Courses/Semester 3/Java/Java Project/3D-Racing-Game/libbulletjme.dylib
0x00000001253e3000 	/Users/EOF-1/Documents/IIITB Courses/Semester 3/Java/Java Project/3D-Racing-Game/libopenal.dylib
0x000000012543f000 	/Users/EOF-1/Documents/IIITB Courses/Semester 3/Java/Java Project/3D-Racing-Game/liblwjgl.dylib
0x00000001254c1000 	/Applications/jmonkeyplatform.app/Contents/Resources/jmonkeyplatform/jdk/jre/lib/libjawt.dylib
0x000000005f333000 	/System/Library/Frameworks/OpenAL.framework/Versions/A/OpenAL
0x000000015728c000 	/System/Library/Components/CoreAudio.component/Contents/MacOS/CoreAudio
0x00000001250bf000 	/System/Library/Extensions/AppleHDA.kext/Contents/PlugIns/AppleHDAHALPlugIn.bundle/Contents/MacOS/AppleHDAHALPlugIn

VM Arguments:
jvm_args: -Dfile.encoding=UTF-8 
java_command: mygame.Main
java_class_path (initial): /Applications/jmonkeyplatform.app/Contents/Resources/jmonkeyplatform/jmonkeyplatform/libs/jme3-jogg-3.1.0-3.1-beta1-b002-SNAPSHOT-SNAPSHOT.jar:/Applications/jmonkeyplatform.app/Contents/Resources/jmonkeyplatform/jmonkeyplatform/libs/j-ogg-all-1.0.0.jar:/Applications/jmonkeyplatform.app/Contents/Resources/jmonkeyplatform/jmonkeyplatform/libs/jme3-networking-3.1.0-3.1-beta1-b002-SNAPSHOT-SNAPSHOT.jar:/Applications/jmonkeyplatform.app/Contents/Resources/jmonkeyplatform/jmonkeyplatform/libs/jme3-plugins-3.1.0-beta1.jar:/Applications/jmonkeyplatform.app/Contents/Resources/jmonkeyplatform/jmonkeyplatform/libs/jme3-core-3.1.0-beta1.jar:/Applications/jmonkeyplatform.app/Contents/Resources/jmonkeyplatform/jmonkeyplatform/libs/jme3-desktop-3.1.0-beta1.jar:/Applications/jmonkeyplatform.app/Contents/Resources/jmonkeyplatform/jmonkeyplatform/libs/jme3-lwjgl-3.1.0-beta1.jar:/Applications/jmonkeyplatform.app/Contents/Resources/jmonkeyplatform/jmonkeyplatform/libs/lwjgl-platform-2.9.3-natives-linux.jar:/Applications/jmonkeyplatform.app/Contents/Resources/jmonkeyplatform/jmonkeyplatform/libs/lwjgl-platform-2.9.3-natives-osx.jar:/Applications/jmonkeyplatform.app/Contents/Resources/jmonkeyplatform/jmonkeyplatform/libs/lwjgl-platform-2.9.3-natives-windows.jar:/Applications/jmonkeyplatform.app/Contents/Resources/jmonkeyplatform/jmonkeyplatform/libs/jutils-1.0.0.jar:/Applications/jmonkeyplatform.app/Contents/Resources/jmonkeyplatform/jmonkeyplatform/libs/jinput-2.0.5.jar:/Applications/jmonkeyplatform.app/Contents/Resources/jmonkeyplatform/jmonkeyplatform/libs/lwjgl-2.9.3.jar:/Applications/jmonkeyplatform.app/Contents/Resources/jmonkeyplatform/jmonkeyplatform/libs/jinput-platform-2.0.5-natives-linux.jar:/Applications/jmonkeyplatform.app/Contents/Resources/jmonkeyplatform/jmonkeyplatform/libs/jinput-platform-2.0.5-natives-osx.jar:/Applications/jmonkeyplatform.app/Contents/Resources/jmonkeyplatform/jmonkeyplatform/libs/jinput-platform-2.0.5-natives-windows.jar:/
Launcher Type: SUN_STANDARD

Environment Variables:
PATH=/usr/bin:/bin:/usr/sbin:/sbin
LD_LIBRARY_PATH=/Applications/jmonkeyplatform.app/Contents/MacOS/../Resources/jmonkeyplatform/bin/../jdk/jre/lib/amd64:/Applications/jmonkeyplatform.app/Contents/MacOS/../Resources/jmonkeyplatform/bin/../jdk/jre/lib/i386:
SHELL=/bin/bash
DISPLAY=/private/tmp/com.apple.launchd.S2Dgu130ok/org.macosforge.xquartz:0

Signal Handlers:
SIGSEGV: [libjvm.dylib+0x5a6855], sa_mask[0]=11111111011111110111111111111111, sa_flags=SA_ONSTACK|SA_RESTART|SA_SIGINFO
SIGBUS: [libjvm.dylib+0x5a6855], sa_mask[0]=11111111011111110111111111111111, sa_flags=SA_RESTART|SA_SIGINFO
SIGFPE: [libjvm.dylib+0x4804ec], sa_mask[0]=11111111011111110111111111111111, sa_flags=SA_RESTART|SA_SIGINFO
SIGPIPE: [libjvm.dylib+0x4804ec], sa_mask[0]=11111111011111110111111111111111, sa_flags=SA_RESTART|SA_SIGINFO
SIGXFSZ: [libjvm.dylib+0x4804ec], sa_mask[0]=11111111011111110111111111111111, sa_flags=SA_RESTART|SA_SIGINFO
SIGILL: [libjvm.dylib+0x4804ec], sa_mask[0]=11111111011111110111111111111111, sa_flags=SA_RESTART|SA_SIGINFO
SIGUSR1: SIG_DFL, sa_mask[0]=00000000000000000000000000000000, sa_flags=none
SIGUSR2: [libjvm.dylib+0x48000a], sa_mask[0]=00100000000000000000000000000000, sa_flags=SA_RESTART|SA_SIGINFO
SIGHUP: [libjvm.dylib+0x47e5e1], sa_mask[0]=11111111011111110111111111111111, sa_flags=SA_RESTART|SA_SIGINFO
SIGINT: SIG_IGN, sa_mask[0]=00000000000000000000000000000000, sa_flags=none
SIGTERM: [libjvm.dylib+0x47e5e1], sa_mask[0]=11111111011111110111111111111111, sa_flags=SA_RESTART|SA_SIGINFO
SIGQUIT: [libjvm.dylib+0x47e5e1], sa_mask[0]=11111111011111110111111111111111, sa_flags=SA_RESTART|SA_SIGINFO


---------------  S Y S T E M  ---------------

OS:Bsduname:Darwin 16.0.0 Darwin Kernel Version 16.0.0: Mon Aug 29 17:56:20 PDT 2016; root:xnu-3789.1.32~3/RELEASE_X86_64 x86_64
rlimit: STACK 8192k, CORE 0k, NPROC 709, NOFILE 10240, AS infinity
load average:2.12 2.22 2.18

CPU:total 4 (2 cores per cpu, 2 threads per core) family 6 model 61 stepping 4, cmov, cx8, fxsr, mmx, sse, sse2, sse3, ssse3, sse4.1, sse4.2, popcnt, avx, avx2, aes, clmul, erms, 3dnowpref, lzcnt, ht, tsc, tscinvbit, bmi1, bmi2, adx

Memory: 4k page, physical 8388608k(640788k free)

/proc/meminfo:


vm_info: Java HotSpot(TM) 64-Bit Server VM (25.77-b03) for bsd-amd64 JRE (1.8.0_77-b03), built on Mar 20 2016 22:14:03 by "java_re" with gcc 4.2.1 (Based on Apple Inc. build 5658) (LLVM build 2336.11.00)

time: Tue Nov 22 21:10:30 2016
elapsed time: 5 seconds (0d 0h 0m 5s)

